# name/game/hands/seed foo ./wvholdem.limit.2p.game 100 43
#--t_response 10000
#--t_hand 600000
#--t_per_hand 6000
STATE:0:rc/crf:6cAc|8sKs/Kh9h7dQhTd:-20|20:alice|bob
STATE:1:rrf:3hQs|2c8s:20|-20:bob|alice
STATE:2:cc/cc:9sKd|8d6s/6d7cTh3h2h:-10|10:alice|bob
STATE:3:crrc/rf:Ts8d|4hAc/8h6d6hThJs:30|-30:bob|alice
STATE:4:rc/cc:As9s|KdJd/2c2d3dJh5d:-20|20:alice|bob
STATE:5:rc/cc:3s4h|6h3d/9c7c9dKsQh:0|0:bob|alice
STATE:6:cc/cc:Td7s|6dAc/Jc7cQs8d6c:10|-10:alice|bob
STATE:7:crc/rf:5sQd|ThAd/7c6c9d4dJh:20|-20:bob|alice
STATE:8:cc/cc:Ks6c|JhKh/5cTcKcQs7d:-10|10:alice|bob
STATE:9:cc/rc:6h9c|Jd7d/Jh9h8c2s3h:-30|30:bob|alice
STATE:10:rf:7d4h|6c8h:-10|10:alice|bob
STATE:11:f:3h2d|5h9d:5|-5:bob|alice
STATE:12:cc/cc:3sAs|6h2c/7h7cQd4h9c:10|-10:alice|bob
STATE:13:cc/rf:Ts3h|Ad4c/Td5c5sJc7h:10|-10:bob|alice
STATE:14:rrc/rc:8c4s|Th7h/AhAd2s8d7s:50|-50:alice|bob
STATE:15:crc/rc:TdQs|9cAh/9d3dQdAdKc:40|-40:bob|alice
STATE:16:cc/rrc:Qc7s|KsTd/3sQdAhJh6c:-50|50:alice|bob
STATE:17:rc/rf:6d3s|3d5h/Kh9c7c7d9d:20|-20:bob|alice
STATE:18:rc/crc:Ah7d|9c9s/2h7hQh4sJs:-40|40:alice|bob
STATE:19:rc/rc:Qs7d|JsAc/4hJc4cKd9c:-40|40:bob|alice
STATE:20:crc/crc:Ks6s|2d9h/8h2c7sQc6c:40|-40:alice|bob
STATE:21:f:6sTd|Jc5d:5|-5:bob|alice
STATE:22:rf:2d9c|Kd6d:-10|10:alice|bob
STATE:23:rrc/rf:Js2d|AcKh/Qc5h7d8s8h:30|-30:bob|alice
STATE:24:rrc/cc:TdTc|5d3d/7sJsKh9h5c:30|-30:alice|bob
STATE:25:f:6c9d|3dQc:5|-5:bob|alice
STATE:26:rf:Tc3h|Jc2d:-10|10:alice|bob
STATE:27:f:3c5s|4s3s:5|-5:bob|alice
STATE:28:rrc/cc:3sAs|AdJs/2c4dKd4cJh:-30|30:alice|bob
STATE:29:rc/rc:JsTd|KdKc/8c7c9d5cTs:40|-40:bob|alice
STATE:30:rf:3d5s|2c6d:-10|10:alice|bob
STATE:31:rc/crc:5cAs|Qd4d/Qh2hKh9d4c:-40|40:bob|alice
STATE:32:cc/crc:8h6c|Ah4s/7dQh8c5h5d:30|-30:alice|bob
STATE:33:f:AdJs|3dKd:5|-5:bob|alice
STATE:34:cc/crc:3s7d|8cQd/6d6h4dJs6c:-30|30:alice|bob
STATE:35:f:KsTh|Kh2s:5|-5:bob|alice
STATE:36:cc/cc:Ad9h|4dKd/KhJcQd6hKs:-10|10:alice|bob
STATE:37:f:Ac3s|3h5h:5|-5:bob|alice
STATE:38:cc/crc:9s2h|3cKh/Js3dJc7d3h:-30|30:alice|bob
STATE:39:f:7cTh|6d3d:5|-5:bob|alice
STATE:40:crc/cc:KdQs|6d5s/9h5d7cTs4h:-20|20:alice|bob
STATE:41:rrf:7d2h|3h7s:20|-20:bob|alice
STATE:42:cc/rc:7hJd|KhTd/Qc7s6hJhQd:30|-30:alice|bob
STATE:43:cc/rc:9h3h|7cQh/Js2hAd7h6h:30|-30:bob|alice
STATE:44:rc/rrc:Ts8h|5h8s/AdAs9dTdTh:60|-60:alice|bob
STATE:45:cc/crrc:Kh6h|4hAh/6cTc5h4s4c:-50|50:bob|alice
STATE:46:cc/rrc:7c8c|Ah9d/3s6cQdQs8h:50|-50:alice|bob
STATE:47:f:Js5s|7h2s:5|-5:bob|alice
STATE:48:rrc/rc:4d4c|4hJh/4s5s5dTd2c:50|-50:alice|bob
STATE:49:crrc/rf:8c2h|9sTd/3c3hJdAh4c:30|-30:bob|alice
STATE:50:rf:9h6h|6cTs:-10|10:alice|bob
STATE:51:crc/rf:7d2s|Kc9s/6hJs4h5d2c:20|-20:bob|alice
STATE:52:rf:8c2c|9c9h:-10|10:alice|bob
STATE:53:rc/rc:7c5h|AdJs/9s9dJc7hTc:-40|40:bob|alice
STATE:54:rf:6d5h|7s2s:-10|10:alice|bob
STATE:55:f:QdKd|5c4c:5|-5:bob|alice
STATE:56:cc/cc:9s3d|5cKh/7sTc2s4cJd:-10|10:alice|bob
STATE:57:rrc/rc:8cKc|JsJh/QsKd4s2h3s:50|-50:bob|alice
STATE:58:rc/cc:7hAh|Jd7s/3s9d7d8d6h:20|-20:alice|bob
STATE:59:f:5sAc|3c7s:5|-5:bob|alice
STATE:60:cc/crc:8d7s|AsQc/5c6cKc4c6h:-30|30:alice|bob
STATE:61:crc/rf:6d4d|Th7h/AdQc9s4c5d:20|-20:bob|alice
STATE:62:rc/crf:6cJh|6d7d/8dKc3c2h4s:-20|20:alice|bob
STATE:63:f:5sQd|7c5c:5|-5:bob|alice
STATE:64:rc/cc:Ah7c|7h8d/ThAdJc2hKd:20|-20:alice|bob
STATE:65:f:Kh7h|9c5h:5|-5:bob|alice
STATE:66:crc/crc:7d7h|4h9h/AcTsJc7cQh:40|-40:alice|bob
STATE:67:f:3d5s|Jc5d:5|-5:bob|alice
STATE:68:rf:8c6c|Td6s:-10|10:alice|bob
STATE:69:rc/cc:9d8d|8hJc/9s2hAc3s5c:20|-20:bob|alice
STATE:70:cc/cc:6dKc|9hQh/Qd7h7sJh2s:-10|10:alice|bob
STATE:71:crc/rf:6hQc|8cJh/7c7d9c4cQh:20|-20:bob|alice
STATE:72:rc/crc:8cQh|AhAd/QsJhAcKcAs:-40|40:alice|bob
STATE:73:f:ThKc|3dTd:5|-5:bob|alice
STATE:74:crrc/cc:Qs7d|2h2d/6sTsJsTd6c:30|-30:alice|bob
STATE:75:rrf:QdAs|7d6s:20|-20:bob|alice
STATE:76:cc/crf:Kh6c|4s6s/4d9hJhAcJd:-10|10:alice|bob
STATE:77:crc/rf:Td4h|6sAd/7sQd8s3sJc:20|-20:bob|alice
STATE:78:rc/rc:Ad9s|7hJc/9hAh2c6h3d:40|-40:alice|bob
STATE:79:crc/cc:8d8s|7dJs/QsQcKc3sKd:-20|20:bob|alice
STATE:80:rc/cc:Kd4c|9dJd/8cTs2h3c9s:-20|20:alice|bob
STATE:81:crc/rc:Jc7d|Ad6h/3cQh2h4h6d:-40|40:bob|alice
STATE:82:cc/cc:8sJd|AhKs/9h6c5s3d3h:-10|10:alice|bob
STATE:83:f:7d2d|Qc2s:5|-5:bob|alice
STATE:84:crc/rc:7h5s|TcAs/3h9cKd4d6c:40|-40:alice|bob
STATE:85:f:6cTs|2h4h:5|-5:bob|alice
STATE:86:cc/crc:Qs3s|5dTh/JhAd7c5cQh:30|-30:alice|bob
STATE:87:rrc/crrc:5s3h|AsQs/8s4h7dQhTs:-70|70:bob|alice
STATE:88:rf:5h9s|6s8d:-10|10:alice|bob
STATE:89:crc/rf:Tc9s|5cAc/Jd4c2hJh2s:20|-20:bob|alice
STATE:90:crrf:3hJc|3s4c:-20|20:alice|bob
STATE:91:f:AhTh|Jc3d:5|-5:bob|alice
STATE:92:crc/rrc:Qd2s|7dJc/Th4sQcKc4c:60|-60:alice|bob
STATE:93:f:4s9c|9h7c:5|-5:bob|alice
STATE:94:cc/cc:4cAd|6dJs/6h7d8cKh4d:-10|10:alice|bob
STATE:95:rrc/rc:Ah2d|AcKd/5hAsTc9sTd:-50|50:bob|alice
STATE:96:crrc/rc:9s9c|Ts7h/5d8c7dKh9h:50|-50:alice|bob
STATE:97:f:2h2s|2cQd:5|-5:bob|alice
STATE:98:rf:Qc4h|Ts8c:-10|10:alice|bob
STATE:99:cc/cc:Jc7s|Kh7d/2h4d7hJs2d:10|-10:bob|alice
SCORE:-70|70:alice|bob
# name/game/hands/seed foo ./wvholdem.limit.2p.game 1000 43
#--t_response 10000
#--t_hand 600000
#--t_per_hand 6000
STATE:0:rc/crf:6cAc|8sKs/Kh9h7dQhTd:-20|20:alice|bob
STATE:1:rrf:3hQs|2c8s:20|-20:bob|alice
STATE:2:cc/cc:9sKd|8d6s/6d7cTh3h2h:-10|10:alice|bob
STATE:3:crrc/rf:Ts8d|4hAc/8h6d6hThJs:30|-30:bob|alice
STATE:4:rc/cc:As9s|KdJd/2c2d3dJh5d:-20|20:alice|bob
STATE:5:rc/cc:3s4h|6h3d/9c7c9dKsQh:0|0:bob|alice
STATE:6:cc/cc:Td7s|6dAc/Jc7cQs8d6c:10|-10:alice|bob
STATE:7:crc/rf:5sQd|ThAd/7c6c9d4dJh:20|-20:bob|alice
STATE:8:cc/cc:Ks6c|JhKh/5cTcKcQs7d:-10|10:alice|bob
STATE:9:cc/rc:6h9c|Jd7d/Jh9h8c2s3h:-30|30:bob|alice
STATE:10:rf:7d4h|6c8h:-10|10:alice|bob
STATE:11:f:3h2d|5h9d:5|-5:bob|alice
STATE:12:cc/cc:3sAs|6h2c/7h7cQd4h9c:10|-10:alice|bob
STATE:13:cc/rf:Ts3h|Ad4c/Td5c5sJc7h:10|-10:bob|alice
STATE:14:rrc/rc:8c4s|Th7h/AhAd2s8d7s:50|-50:alice|bob
STATE:15:crc/rc:TdQs|9cAh/9d3dQdAdKc:40|-40:bob|alice
STATE:16:cc/rrc:Qc7s|KsTd/3sQdAhJh6c:-50|50:alice|bob
STATE:17:rc/rf:6d3s|3d5h/Kh9c7c7d9d:20|-20:bob|alice
STATE:18:rc/crc:Ah7d|9c9s/2h7hQh4sJs:-40|40:alice|bob
STATE:19:rc/rc:Qs7d|JsAc/4hJc4cKd9c:-40|40:bob|alice
STATE:20:crc/crc:Ks6s|2d9h/8h2c7sQc6c:40|-40:alice|bob
STATE:21:f:6sTd|Jc5d:5|-5:bob|alice
STATE:22:rf:2d9c|Kd6d:-10|10:alice|bob
STATE:23:rrc/rf:Js2d|AcKh/Qc5h7d8s8h:30|-30:bob|alice
STATE:24:rrc/cc:TdTc|5d3d/7sJsKh9h5c:30|-30:alice|bob
STATE:25:f:6c9d|3dQc:5|-5:bob|alice
STATE:26:rf:Tc3h|Jc2d:-10|10:alice|bob
STATE:27:f:3c5s|4s3s:5|-5:bob|alice
STATE:28:rrc/cc:3sAs|AdJs/2c4dKd4cJh:-30|30:alice|bob
STATE:29:rc/rc:JsTd|KdKc/8c7c9d5cTs:40|-40:bob|alice
STATE:30:rf:3d5s|2c6d:-10|10:alice|bob
STATE:31:rc/crc:5cAs|Qd4d/Qh2hKh9d4c:-40|40:bob|alice
STATE:32:cc/crc:8h6c|Ah4s/7dQh8c5h5d:30|-30:alice|bob
STATE:33:f:AdJs|3dKd:5|-5:bob|alice
STATE:34:cc/crc:3s7d|8cQd/6d6h4dJs6c:-30|30:alice|bob
STATE:35:f:KsTh|Kh2s:5|-5:bob|alice
STATE:36:cc/cc:Ad9h|4dKd/KhJcQd6hKs:-10|10:alice|bob
STATE:37:f:Ac3s|3h5h:5|-5:bob|alice
STATE:38:cc/crc:9s2h|3cKh/Js3dJc7d3h:-30|30:alice|bob
STATE:39:f:7cTh|6d3d:5|-5:bob|alice
STATE:40:crc/cc:KdQs|6d5s/9h5d7cTs4h:-20|20:alice|bob
STATE:41:rrf:7d2h|3h7s:20|-20:bob|alice
STATE:42:cc/rc:7hJd|KhTd/Qc7s6hJhQd:30|-30:alice|bob
STATE:43:cc/rc:9h3h|7cQh/Js2hAd7h6h:30|-30:bob|alice
STATE:44:rc/rrc:Ts8h|5h8s/AdAs9dTdTh:60|-60:alice|bob
STATE:45:cc/crrc:Kh6h|4hAh/6cTc5h4s4c:-50|50:bob|alice
STATE:46:cc/rrc:7c8c|Ah9d/3s6cQdQs8h:50|-50:alice|bob
STATE:47:f:Js5s|7h2s:5|-5:bob|alice
STATE:48:rrc/rc:4d4c|4hJh/4s5s5dTd2c:50|-50:alice|bob
STATE:49:crrc/rf:8c2h|9sTd/3c3hJdAh4c:30|-30:bob|alice
STATE:50:rf:9h6h|6cTs:-10|10:alice|bob
STATE:51:crc/rf:7d2s|Kc9s/6hJs4h5d2c:20|-20:bob|alice
STATE:52:rf:8c2c|9c9h:-10|10:alice|bob
STATE:53:rc/rc:7c5h|AdJs/9s9dJc7hTc:-40|40:bob|alice
STATE:54:rf:6d5h|7s2s:-10|10:alice|bob
STATE:55:f:QdKd|5c4c:5|-5:bob|alice
STATE:56:cc/cc:9s3d|5cKh/7sTc2s4cJd:-10|10:alice|bob
STATE:57:rrc/rc:8cKc|JsJh/QsKd4s2h3s:50|-50:bob|alice
STATE:58:rc/cc:7hAh|Jd7s/3s9d7d8d6h:20|-20:alice|bob
STATE:59:f:5sAc|3c7s:5|-5:bob|alice
STATE:60:cc/crc:8d7s|AsQc/5c6cKc4c6h:-30|30:alice|bob
STATE:61:crc/rf:6d4d|Th7h/AdQc9s4c5d:20|-20:bob|alice
STATE:62:rc/crf:6cJh|6d7d/8dKc3c2h4s:-20|20:alice|bob
STATE:63:f:5sQd|7c5c:5|-5:bob|alice
STATE:64:rc/cc:Ah7c|7h8d/ThAdJc2hKd:20|-20:alice|bob
STATE:65:f:Kh7h|9c5h:5|-5:bob|alice
STATE:66:crc/crc:7d7h|4h9h/AcTsJc7cQh:40|-40:alice|bob
STATE:67:f:3d5s|Jc5d:5|-5:bob|alice
STATE:68:rf:8c6c|Td6s:-10|10:alice|bob
STATE:69:rc/cc:9d8d|8hJc/9s2hAc3s5c:20|-20:bob|alice
STATE:70:cc/cc:6dKc|9hQh/Qd7h7sJh2s:-10|10:alice|bob
STATE:71:crc/rf:6hQc|8cJh/7c7d9c4cQh:20|-20:bob|alice
STATE:72:rc/crc:8cQh|AhAd/QsJhAcKcAs:-40|40:alice|bob
STATE:73:f:ThKc|3dTd:5|-5:bob|alice
STATE:74:crrc/cc:Qs7d|2h2d/6sTsJsTd6c:30|-30:alice|bob
STATE:75:rrf:QdAs|7d6s:20|-20:bob|alice
STATE:76:cc/crf:Kh6c|4s6s/4d9hJhAcJd:-10|10:alice|bob
STATE:77:crc/rf:Td4h|6sAd/7sQd8s3sJc:20|-20:bob|alice
STATE:78:rc/rc:Ad9s|7hJc/9hAh2c6h3d:40|-40:alice|bob
STATE:79:crc/cc:8d8s|7dJs/QsQcKc3sKd:-20|20:bob|alice
STATE:80:rc/cc:Kd4c|9dJd/8cTs2h3c9s:-20|20:alice|bob
STATE:81:crc/rc:Jc7d|Ad6h/3cQh2h4h6d:-40|40:bob|alice
STATE:82:cc/cc:8sJd|AhKs/9h6c5s3d3h:-10|10:alice|bob
STATE:83:f:7d2d|Qc2s:5|-5:bob|alice
STATE:84:crc/rc:7h5s|TcAs/3h9cKd4d6c:40|-40:alice|bob
STATE:85:f:6cTs|2h4h:5|-5:bob|alice
STATE:86:cc/crc:Qs3s|5dTh/JhAd7c5cQh:30|-30:alice|bob
STATE:87:rrc/crrc:5s3h|AsQs/8s4h7dQhTs:-70|70:bob|alice
STATE:88:rf:5h9s|6s8d:-10|10:alice|bob
STATE:89:crc/rf:Tc9s|5cAc/Jd4c2hJh2s:20|-20:bob|alice
STATE:90:crrf:3hJc|3s4c:-20|20:alice|bob
STATE:91:f:AhTh|Jc3d:5|-5:bob|alice
STATE:92:crc/rrc:Qd2s|7dJc/Th4sQcKc4c:60|-60:alice|bob
STATE:93:f:4s9c|9h7c:5|-5:bob|alice
STATE:94:cc/cc:4cAd|6dJs/6h7d8cKh4d:-10|10:alice|bob
STATE:95:rrc/rc:Ah2d|AcKd/5hAsTc9sTd:-50|50:bob|alice
STATE:96:crrc/rc:9s9c|Ts7h/5d8c7dKh9h:50|-50:alice|bob
STATE:97:f:2h2s|2cQd:5|-5:bob|alice
STATE:98:rf:Qc4h|Ts8c:-10|10:alice|bob
STATE:99:cc/cc:Jc7s|Kh7d/2h4d7hJs2d:10|-10:bob|alice
STATE:100:cc/rc:6d2d|Ks8h/Kh9h2hJc6c:30|-30:alice|bob
STATE:101:f:2cJc|8d3h:5|-5:bob|alice
STATE:102:rf:4hJs|QcAc:-10|10:alice|bob
STATE:103:crc/rrc:4s3h|8sQc/3c4c8cTc2d:-60|60:bob|alice
STATE:104:rrc/rc:9cQd|5s9h/2dQhAdQs2h:50|-50:alice|bob
STATE:105:f:7d9c|7s8c:5|-5:bob|alice
STATE:106:crc/crf:KcQs|Kh2c/Js9c3dAc9d:-20|20:alice|bob
STATE:107:f:Td9d|6c2c:5|-5:bob|alice
STATE:108:crc/rc:9d7s|AsJd/5s8d7h3c6d:40|-40:alice|bob
STATE:109:rc/rc:2hKh|JdAh/9sTd4d4cQd:-40|40:bob|alice
STATE:110:cc/cc:4h9h|5c5h/7h5s6sJdKd:-10|10:alice|bob
STATE:111:f:2cAh|5c3d:5|-5:bob|alice
STATE:112:cc/cc:9dTd|4h3d/4s3s8hAcKc:-10|10:alice|bob
STATE:113:f:8c8s|Th5s:5|-5:bob|alice
STATE:114:rf:8h5h|ThQh:-10|10:alice|bob
STATE:115:f:7h3d|7s5c:5|-5:bob|alice
STATE:116:crc/crf:9c2s|9hKh/Qc8d7cAh5s:-20|20:alice|bob
STATE:117:crc/cc:Js5s|Qc5d/Jc8dAc9dKc:20|-20:bob|alice
STATE:118:rf:6d3c|Ts2s:-10|10:alice|bob
STATE:119:cc/rrc:KdKh|Ac5s/Js3d3hQhAd:-50|50:bob|alice
STATE:120:rf:2dQh|AdAh:-10|10:alice|bob
STATE:121:f:8c4s|Qh3c:5|-5:bob|alice
STATE:122:rc/rrc:8hTc|8c5c/KdKhJs7hJh:60|-60:alice|bob
STATE:123:f:6sTc|3c9s:5|-5:bob|alice
STATE:124:cc/crf:Qh2c|Jc9d/3c4dKh6d8s:-10|10:alice|bob
STATE:125:f:6sJd|5d8c:5|-5:bob|alice
STATE:126:cc/cc:8hQc|Td2s/6sAdTs3h7h:-10|10:alice|bob
STATE:127:rc/crc:TcJd|Td3h/2c3d3c5c8d:-40|40:bob|alice
STATE:128:cc/cc:Ks6h|AcKd/5hTcQs5c6d:10|-10:alice|bob
STATE:129:rc/rc:Qh8c|Kc9d/3cThTdTc4d:-40|40:bob|alice
STATE:130:cc/crf:6cKd|Jd9s/Td3d2cJh4s:-10|10:alice|bob
STATE:131:rrc/crc:8s2h|AsKc/TdAdQh6h3d:-50|50:bob|alice
STATE:132:rf:5hTh|KhJc:-10|10:alice|bob
STATE:133:f:Ah6s|2s9s:5|-5:bob|alice
STATE:134:cc/cc:6c7d|Kc2s/8hKhThJc9h:10|-10:alice|bob
STATE:135:cc/rc:5c4d|8dJh/Ts9hKsJc3c:-30|30:bob|alice
STATE:136:rrc/rrc:7c7s|Ac5d/5s7dJhTd9d:70|-70:alice|bob
STATE:137:crc/rf:Jc8d|5dQs/5c7s6d7h9d:20|-20:bob|alice
STATE:138:rc/cc:As8c|Qs5s/Kh5d8s4dKd:20|-20:alice|bob
STATE:139:crc/cc:3d8h|Qc7h/9c4d3s6h6s:20|-20:bob|alice
STATE:140:rc/cc:4sKc|5sKd/6s8s6dAh9d:0|0:alice|bob
STATE:141:cc/cc:AcTc|9sKh/4c5cTs2dJc:10|-10:bob|alice
STATE:142:crc/crf:2c4s|4hAs/9c6d7dKsQc:-20|20:alice|bob
STATE:143:rrc/cc:4hAc|6dJh/3cQcAs5d8d:30|-30:bob|alice
STATE:144:cc/rc:As7c|4s2s/8hKh4c6c5s:30|-30:alice|bob
STATE:145:rc/crrc:2hAd|Jc3c/7c2s2dJd6h:60|-60:bob|alice
STATE:146:crrc/cc:TdTc|7cJd/Qs6c5cJs3c:-30|30:alice|bob
STATE:147:f:8c3c|4hTs:5|-5:bob|alice
STATE:148:cc/crf:JdKh|Ks4d/2cAs9dQd8d:-10|10:alice|bob
STATE:149:f:5cKd|Ah2h:5|-5:bob|alice
STATE:150:crc/cc:JcJh|4c7h/7d4dKh6s6c:20|-20:alice|bob
STATE:151:crrc/cc:2h4c|JcQs/6s4dAh2cJs:30|-30:bob|alice
STATE:152:cc/rrc:Jc5c|3h4h/Tc2cJs6h3c:50|-50:alice|bob
STATE:153:f:QcKc|5c6c:5|-5:bob|alice
STATE:154:cc/crf:7c8h|QhTh/3dJs9cKd9d:-10|10:alice|bob
STATE:155:f:5dAd|5c8c:5|-5:bob|alice
STATE:156:rc/rc:JhQs|3d9d/8c6hAh4sQc:40|-40:alice|bob
STATE:157:crrc/rf:Qc2h|TdKc/6s6h7d4s2d:30|-30:bob|alice
STATE:158:rrc/crf:KhJs|TdJd/7d4s4c5c6h:-30|30:alice|bob
STATE:159:f:5hTc|4h9c:5|-5:bob|alice
STATE:160:rrc/cc:7h8c|4h9s/KhQc6d7c4d:30|-30:alice|bob
STATE:161:rrf:AhQd|Th6c:20|-20:bob|alice
STATE:162:cc/cc:4h9h|5sJs/9s8sAhTs7h:-10|10:alice|bob
STATE:163:rc/cc:2d9s|As3d/9h4c3h6d2c:20|-20:bob|alice
STATE:164:rf:7s6h|Jd3h:-10|10:alice|bob
STATE:165:cc/crrc:2d9s|8c9h/ThJc7cQc8h:0|0:bob|alice
STATE:166:cc/cc:As4d|2s2d/5c6d5h5s2h:-10|10:alice|bob
STATE:167:cc/cc:Jh3d|7dKc/2d4dAs3cTh:10|-10:bob|alice
STATE:168:cc/crc:5h4h|4sTd/3dAhJh7s5s:30|-30:alice|bob
STATE:169:crc/rc:Ah4s|8sQd/AsQhKcQcJh:-40|40:bob|alice
STATE:170:cc/rc:TcJd|6hQc/Jc3c8s5cTd:30|-30:alice|bob
STATE:171:f:Th8d|4c7h:5|-5:bob|alice
STATE:172:rf:3s6s|8s9c:-10|10:alice|bob
STATE:173:cc/rrc:3s2d|Ks4d/QhKc7dJc6s:-50|50:bob|alice
STATE:174:crrc/rc:8h8c|Kd4h/Th9h3c3h6h:50|-50:alice|bob
STATE:175:rrc/rc:Tc4h|AhJd/8d7d3c5c3d:-50|50:bob|alice
STATE:176:rf:8c4s|Ts8s:-10|10:alice|bob
STATE:177:f:6c4s|3cQs:5|-5:bob|alice
STATE:178:cc/crf:5s9d|4hAs/3cKcAd7sJc:-10|10:alice|bob
STATE:179:cc/rc:3h4d|7cJd/3sQc7s6c8d:-30|30:bob|alice
STATE:180:rf:9s2h|Ah5h:-10|10:alice|bob
STATE:181:f:8c7d|3h5d:5|-5:bob|alice
STATE:182:cc/cc:4c8s|3d7h/5c6hKc9d8c:-10|10:alice|bob
STATE:183:cc/rc:6s8s|Jc8h/6hKh8d6d9h:30|-30:bob|alice
STATE:184:cc/cc:Kh8c|3sJh/5d8d9dAc6c:10|-10:alice|bob
STATE:185:f:Ts8d|6h3s:5|-5:bob|alice
STATE:186:rc/cc:Kh7c|8sJh/Td3s4h9cAh:20|-20:alice|bob
STATE:187:f:5h3c|3hJh:5|-5:bob|alice
STATE:188:cc/cc:Kc8h|8sQd/6h7sQs2d9s:-10|10:alice|bob
STATE:189:f:Jc2c|6c4d:5|-5:bob|alice
STATE:190:cc/crf:8hAc|4sKs/2c3s9dKd5d:-10|10:alice|bob
STATE:191:crc/cc:5d2s|8sAs/2c7dJd9c8d:-20|20:bob|alice
STATE:192:cc/rrc:9hKc|7hTc/KhJhKs9d2c:50|-50:alice|bob
STATE:193:f:Kh5c|9d3c:5|-5:bob|alice
STATE:194:rrc/crc:9d9s|7d6s/5cAcKs2h3s:50|-50:alice|bob
STATE:195:f:AsQs|7c6c:5|-5:bob|alice
STATE:196:rf:5cJc|Qs8h:-10|10:alice|bob
STATE:197:f:2c5d|7c8c:5|-5:bob|alice
STATE:198:rf:Qd4h|4cJc:-10|10:alice|bob
STATE:199:rrc/crrc:9s5h|JsJh/3cAs3sQc9d:-70|70:bob|alice
STATE:200:cc/rrc:Jd6s|Kc5c/2d3c7hKhJh:-50|50:alice|bob
STATE:201:crc/rf:Kh4h|AcTs/5d8c4c7h2h:20|-20:bob|alice
STATE:202:cc/crc:Ah4d|Qd2s/9hKc5d3h4c:30|-30:alice|bob
STATE:203:rrf:Kd7d|6c2c:20|-20:bob|alice
STATE:204:cc/cc:7hQd|9c4d/Ad6hAh6d9h:-10|10:alice|bob
STATE:205:crc/crrc:Kc8c|Ac8h/AhKs7d9d8s:-60|60:bob|alice
STATE:206:crc/crf:Jc4s|5s5c/2c3sKhKc6c:-20|20:alice|bob
STATE:207:f:7h7s|Ts5s:5|-5:bob|alice
STATE:208:cc/cc:4sAd|3c2h/9c4c2sQh7s:10|-10:alice|bob
STATE:209:f:KhTc|Qc4d:5|-5:bob|alice
STATE:210:rf:4c8c|Kh5c:-10|10:alice|bob
STATE:211:rc/rf:Qs5c|3d2s/9dJsKc7c4h:20|-20:bob|alice
STATE:212:rrc/cc:7c2d|AsJd/Qc8c7h3s3h:30|-30:alice|bob
STATE:213:crc/rf:2hJc|KdTd/3c5sAc8c2s:20|-20:bob|alice
STATE:214:cc/cc:Qs4d|3sAd/8d6sAc6dKd:-10|10:alice|bob
STATE:215:cc/cc:8d6h|8hQd/AcAhJd8sTh:-10|10:bob|alice
STATE:216:rc/cc:8sQd|3cQs/7dQh4h9dKc:20|-20:alice|bob
STATE:217:crc/cc:Kc8h|Qs5c/JsKd7d5d9c:20|-20:bob|alice
STATE:218:cc/cc:8d6d|7cJs/6h9hJc2sTs:-10|10:alice|bob
STATE:219:cc/cc:JdTd|9sQc/3dTh7sKh4d:10|-10:bob|alice
STATE:220:cc/cc:8cKd|8dKc/Ks3sAc2sJc:0|0:alice|bob
STATE:221:f:9d8c|Ts6c:5|-5:bob|alice
STATE:222:crc/crc:2d4c|JdQh/4hJcQc5c5d:-40|40:alice|bob
STATE:223:cc/rc:Qh3s|4hAd/TcJc8d3dAc:-30|30:bob|alice
STATE:224:rrc/crc:Kc2h|Kd3c/3h8d8hKh3s:-50|50:alice|bob
STATE:225:crc/cc:Qs2d|As3c/QhJc6c5c8h:20|-20:bob|alice
STATE:226:cc/crf:4s3c|Tc6s/7d9dAc2dQh:-10|10:alice|bob
STATE:227:f:5c8s|7c3d:5|-5:bob|alice
STATE:228:cc/cc:6dQc|Ks5d/TsJhAs2dTc:-10|10:alice|bob
STATE:229:f:3c6c|2c9h:5|-5:bob|alice
STATE:230:rrc/crf:2s2h|Qh6d/6hAs4h8dTs:-30|30:alice|bob
STATE:231:crc/cc:Tc6h|As3d/Td4hKc9c9s:20|-20:bob|alice
STATE:232:rf:4c3c|9h9c:-10|10:alice|bob
STATE:233:f:6cAc|7c4d:5|-5:bob|alice
STATE:234:cc/rc:2cKc|3s7s/4d2sKs9hKd:30|-30:alice|bob
STATE:235:f:Tc7d|2s5h:5|-5:bob|alice
STATE:236:cc/cc:Tc7c|Jc7s/Qh3c6cKsTd:10|-10:alice|bob
STATE:237:cc/cc:3d9c|Qd8d/6sTs6cKs7d:-10|10:bob|alice
STATE:238:rc/rc:7hAs|Js3c/KcTdTsAc7s:40|-40:alice|bob
STATE:239:crc/rf:2h9c|6dKs/AhJc5d3cTs:20|-20:bob|alice
STATE:240:rrc/crf:5s4s|Ah8c/3dKcKsTh8h:-30|30:alice|bob
STATE:241:rc/rrc:ThTc|QdKh/Qh2s3s4dAc:-60|60:bob|alice
STATE:242:rf:Kd3c|7s4d:-10|10:alice|bob
STATE:243:f:Ks5h|Ts3h:5|-5:bob|alice
STATE:244:cc/crf:6c7h|8dKd/9dKs5c4s4c:-10|10:alice|bob
STATE:245:f:Jh8c|Js2h:5|-5:bob|alice
STATE:246:rf:2s7d|Jc8c:-10|10:alice|bob
STATE:247:rc/rrc:3d8c|JsAd/QhKsAh4h7s:-60|60:bob|alice
STATE:248:rrc/rrc:5c6d|7hJh/Td6h6sAd4s:70|-70:alice|bob
STATE:249:f:Jh7d|3cJc:5|-5:bob|alice
STATE:250:rf:6h7d|AdQh:-10|10:alice|bob
STATE:251:f:9d2h|3cTd:5|-5:bob|alice
STATE:252:cc/cc:Qd4s|2dKs/8hKcAh4d3d:-10|10:alice|bob
STATE:253:f:KdKs|Ts4s:5|-5:bob|alice
STATE:254:rrc/crf:KcQs|Qh3d/7s7c8d3h9h:-30|30:alice|bob
STATE:255:f:9s5s|8s3s:5|-5:bob|alice
STATE:256:crc/rrc:5h5d|2cQs/Ts5sKd4d9c:60|-60:alice|bob
STATE:257:crc/cc:Kd2d|As7h/4s8c6dJd3c:-20|20:bob|alice
STATE:258:crc/crc:AcTh|QhTs/2dAs7s4s2s:-40|40:alice|bob
STATE:259:crc/rf:Qh2s|9sKs/4d2h7c2c6h:20|-20:bob|alice
STATE:260:rf:Qd3c|7d4c:-10|10:alice|bob
STATE:261:crc/rrc:QsKc|6hKh/6sKd6c2d5c:-60|60:bob|alice
STATE:262:cc/rc:Ad4d|Qc6s/9dKh6d7dKs:30|-30:alice|bob
STATE:263:cc/rf:9hTd|7hAh/Qh3cQs6s5h:10|-10:bob|alice
STATE:264:cc/cc:6hJs|2c9d/8s4d5h4h8h:10|-10:alice|bob
STATE:265:f:8sTs|3c8h:5|-5:bob|alice
STATE:266:crrc/cc:Th8c|5d2d/JcKcKs2h5h:-30|30:alice|bob
STATE:267:f:3s8d|3dKs:5|-5:bob|alice
STATE:268:crc/rc:KhKd|2h9d/Jd7s5c5s8d:40|-40:alice|bob
STATE:269:f:Ad5h|3s8h:5|-5:bob|alice
STATE:270:cc/crf:Jd6s|KhQh/4d8c5h9dKs:-10|10:alice|bob
STATE:271:rc/cc:JcKs|2h2c/5c4sJs3c6c:-20|20:bob|alice
STATE:272:rf:6d8s|Th2c:-10|10:alice|bob
STATE:273:rrc/cc:Qh3c|7d7s/6dKc6h4h8s:-30|30:bob|alice
STATE:274:cc/crc:9sJs|7c4h/9h3cTc8hAc:30|-30:alice|bob
STATE:275:rrf:3hKs|Jc2c:20|-20:bob|alice
STATE:276:crrf:Kh3h|Jh8d:-20|20:alice|bob
STATE:277:f:6hAc|8h4c:5|-5:bob|alice
STATE:278:rf:Ts5d|7sTd:-10|10:alice|bob
STATE:279:f:6c8d|6d2d:5|-5:bob|alice
STATE:280:cc/rc:7sTd|2hJc/8d2s2d4hTs:-30|30:alice|bob
STATE:281:f:As6s|3c6c:5|-5:bob|alice
STATE:282:cc/crc:3c2h|7d7s/4cKcQcQsJc:30|-30:alice|bob
STATE:283:crc/rrc:Qd8s|Kh4s/5d4d5s4c3c:-60|60:bob|alice
STATE:284:rf:3h5c|JdKh:-10|10:alice|bob
STATE:285:crc/rf:Qc5d|7cQs/3hJc3d4c9s:20|-20:bob|alice
STATE:286:rc/crc:7cAd|3s9c/TsJhQc4hAh:40|-40:alice|bob
STATE:287:f:8d8h|4d7s:5|-5:bob|alice
STATE:288:crc/rrc:JhAc|4s8d/8sAs2s9cAd:60|-60:alice|bob
STATE:289:f:Ks5h|2s8h:5|-5:bob|alice
STATE:290:rf:Ts2c|Jh2d:-10|10:alice|bob
STATE:291:cc/rc:3sQs|QcJs/QdAhKh2h9d:-30|30:bob|alice
STATE:292:rf:2s5s|As6h:-10|10:alice|bob
STATE:293:f:8cAd|Th6d:5|-5:bob|alice
STATE:294:cc/cc:Kc2h|5h4s/2d9c6d8d4h:-10|10:alice|bob
STATE:295:crc/rrc:Th2d|Ac7h/5cAh8dJd2h:-60|60:bob|alice
STATE:296:cc/crc:Ac8d|2s5c/6h5d2d7d6d:30|-30:alice|bob
STATE:297:rc/cc:9s9h|Ah2h/3h5d5h4sTd:-20|20:bob|alice
STATE:298:rf:2c3h|7h2h:-10|10:alice|bob
STATE:299:f:3h4c|2c5c:5|-5:bob|alice
STATE:300:rf:5c9c|8h9h:-10|10:alice|bob
STATE:301:f:5dJd|Th6h:5|-5:bob|alice
STATE:302:rf:6c9d|Qh4h:-10|10:alice|bob
STATE:303:f:Kh6s|5d6d:5|-5:bob|alice
STATE:304:rf:9h6d|9sQh:-10|10:alice|bob
STATE:305:rc/rc:Qh3c|2s2c/3d2h6c6s3h:40|-40:bob|alice
STATE:306:crc/crc:JdJc|8s2s/5cQs9s4d3d:40|-40:alice|bob
STATE:307:f:2d9s|Tc3c:5|-5:bob|alice
STATE:308:rf:Qh4d|TdTc:-10|10:alice|bob
STATE:309:cc/cc:4h4c|Qs9c/Th3cKdAsTd:10|-10:bob|alice
STATE:310:crc/crf:JcAc|KhQs/9d5s9h8d6s:-20|20:alice|bob
STATE:311:f:AhAd|4c2s:5|-5:bob|alice
STATE:312:rf:2s6s|4sAs:-10|10:alice|bob
STATE:313:rrc/cc:7cAh|2c2h/7d9dAsJd9h:30|-30:bob|alice
STATE:314:rc/cc:Kd4s|Tc7h/Qs5s9h5h7c:-20|20:alice|bob
STATE:315:rc/rrc:2hQh|JsAs/Ac7hAdTs5h:-60|60:bob|alice
STATE:316:rrc/cc:TcKc|Ks8c/4d4h3sAd6d:30|-30:alice|bob
STATE:317:rrc/rc:8d9h|9c9s/4s3dTs2c6s:-50|50:bob|alice
STATE:318:cc/crc:7dKd|6s3c/2hJd9s2dAc:30|-30:alice|bob
STATE:319:cc/cc:7c2h|Ad3c/9h2c3d8c4d:-10|10:bob|alice
STATE:320:rrc/rrc:KcKd|8c5s/7c9hAc6h2d:-70|70:alice|bob
STATE:321:cc/cc:AsJc|KcTc/5hAh7d5sQs:10|-10:bob|alice
STATE:322:rf:9s7h|7cKd:-10|10:alice|bob
STATE:323:rc/crc:3dAh|KhKc/5d7sTsTh3c:-40|40:bob|alice
STATE:324:rf:Th6d|8s4s:-10|10:alice|bob
STATE:325:cc/rrc:Ks6d|8sTs/TcAh8d6hQd:-50|50:bob|alice
STATE:326:crrf:3sKh|Jc5c:-20|20:alice|bob
STATE:327:f:Qc5h|Td6h:5|-5:bob|alice
STATE:328:cc/cc:Ad9d|AcTc/3h4sTh8s6h:-10|10:alice|bob
STATE:329:rrc/rc:2sKs|AhJh/5h4cThJsTd:-50|50:bob|alice
STATE:330:rf:6d4c|6s4h:-10|10:alice|bob
STATE:331:cc/rrc:7cAs|JdQh/5h9dTs8c6s:-50|50:bob|alice
STATE:332:crrc/rc:JhJd|2hAd/4dKh2s9s7s:50|-50:alice|bob
STATE:333:cc/cc:8s5c|9hTs/7cKhJd3s2h:-10|10:bob|alice
STATE:334:rrc/crc:Qd4d|9d6d/7d8hQcKdTh:-50|50:alice|bob
STATE:335:f:Qs2h|3s8s:5|-5:bob|alice
STATE:336:cc/rrc:Ac9c|4h3h/6cTs2dAh6s:50|-50:alice|bob
STATE:337:cc/cc:Ks7c|5hKh/4s5c6dTs3c:10|-10:bob|alice
STATE:338:cc/crf:Ac2c|7s3d/3h4hAhQs6h:-10|10:alice|bob
STATE:339:f:5s3c|6c8c:5|-5:bob|alice
STATE:340:rf:3d6c|7s8s:-10|10:alice|bob
STATE:341:rrf:KsTh|4s5d:20|-20:bob|alice
STATE:342:crrf:Jd3h|5c4s:-20|20:alice|bob
STATE:343:f:Kd8s|3h6d:5|-5:bob|alice
STATE:344:rf:8h4d|Js3c:-10|10:alice|bob
STATE:345:rrc/rf:4dKs|2dJh/4h6s9sAhAs:30|-30:bob|alice
STATE:346:cc/rc:8dKh|Ac7d/Kc4dTd8s5s:30|-30:alice|bob
STATE:347:f:4c9d|Js2s:5|-5:bob|alice
STATE:348:rc/cc:Tc9s|3d6h/3cJd3s7sTh:-20|20:alice|bob
STATE:349:f:Kd9d|3s8d:5|-5:bob|alice
STATE:350:crc/rc:QhAs|2cTc/6h9cKc3cAh:-40|40:alice|bob
STATE:351:rrc/cc:KsKc|3h3c/Qh5h5s9d7d:30|-30:bob|alice
STATE:352:rf:3h8c|Qd5c:-10|10:alice|bob
STATE:353:f:8h3d|Ks3c:5|-5:bob|alice
STATE:354:rf:4hTs|KhQs:-10|10:alice|bob
STATE:355:rrc/cc:Ad3d|5cQs/2cJc6s7h8d:30|-30:bob|alice
STATE:356:crc/crf:Qd2d|7s4c/KdTcAc5c6s:-20|20:alice|bob
STATE:357:cc/crrc:6hJd|TcKs/JcAcQh4sAh:-50|50:bob|alice
STATE:358:rrc/rrc:8d5d|Qh4h/8sJs8cThJh:70|-70:alice|bob
STATE:359:crc/rrc:4cTh|TcAd/AsKhKd3h7s:-60|60:bob|alice
STATE:360:cc/cc:Jd3h|2s9c/AhKhKd8c8s:0|0:alice|bob
STATE:361:rrf:Kc6s|7d3d:20|-20:bob|alice
STATE:362:cc/rrc:JsTd|Ks7d/6dJhKc3s3d:-50|50:alice|bob
STATE:363:f:5hJs|3hKc:5|-5:bob|alice
STATE:364:cc/cc:8d5s|5hKh/2c7hQs3hTc:-10|10:alice|bob
STATE:365:f:QsTd|6d5s:5|-5:bob|alice
STATE:366:rrc/cc:KcAh|2cJh/Js6s9hJd7c:-30|30:alice|bob
STATE:367:f:8s5d|7d2h:5|-5:bob|alice
STATE:368:rrc/rc:AdAh|4hTd/Qd7dKd6d8h:50|-50:alice|bob
STATE:369:crc/rc:TcKh|Qh8s/5c3h8c5h2h:-40|40:bob|alice
STATE:370:rc/rrc:5sQd|9hJs/5c3s5h3dTc:60|-60:alice|bob
STATE:371:f:2hQh|6cTc:5|-5:bob|alice
STATE:372:crc/crf:KsAs|3d6d/8h9h4c7d2s:-20|20:alice|bob
STATE:373:f:As3c|2dQc:5|-5:bob|alice
STATE:374:crc/rrc:JhJd|7d5h/6c2dAcAh4c:60|-60:alice|bob
STATE:375:crc/crrc:6d5d|Ac5c/JdAh4d2sQh:-60|60:bob|alice
STATE:376:crrf:2c9d|7h3d:-20|20:alice|bob
STATE:377:cc/crrc:Td6c|8cKd/4hJsAsKc2c:-50|50:bob|alice
STATE:378:rf:8s6s|Jc9d:-10|10:alice|bob
STATE:379:rc/rrc:5dAs|8s5s/8d7cAd8hKc:-60|60:bob|alice
STATE:380:cc/rc:8hQd|9hJh/5sJd4cQs5d:30|-30:alice|bob
STATE:381:f:8dJh|2d8c:5|-5:bob|alice
STATE:382:rc/cc:Jc8s|8cAd/6s5dAhAc9h:-20|20:alice|bob
STATE:383:f:5dAh|9h5s:5|-5:bob|alice
STATE:384:rc/cc:8hAs|TdQd/6d2c9sQh3d:-20|20:alice|bob
STATE:385:f:3sKh|8h6d:5|-5:bob|alice
STATE:386:rf:8c4s|6d2c:-10|10:alice|bob
STATE:387:f:3d8c|7c8s:5|-5:bob|alice
STATE:388:cc/cc:2sTs|QhJh/5d2dQdJd8s:-10|10:alice|bob
STATE:389:cc/cc:Jc8s|9hTc/Jd3cJsAsKc:10|-10:bob|alice
STATE:390:rf:2c7h|Qs8h:-10|10:alice|bob
STATE:391:crc/cc:8hKh|Qh6h/5d6s8s7dTh:20|-20:bob|alice
STATE:392:crc/rc:KsQd|8sAc/3sQhKh9hJd:40|-40:alice|bob
STATE:393:f:Ad7h|7c6c:5|-5:bob|alice
STATE:394:rf:3hTh|5h5c:-10|10:alice|bob
STATE:395:f:AsJh|8c6s:5|-5:bob|alice
STATE:396:cc/cc:ThJs|Qs7d/TdAs2s6h9s:10|-10:alice|bob
STATE:397:crrc/cc:6d2d|6hJd/KhAd8h8dJc:-30|30:bob|alice
STATE:398:rrc/crf:AsKc|QdJc/6d9h5h2dJs:-30|30:alice|bob
STATE:399:cc/crrc:9hJd|ThAh/6h7h3cAcJh:-50|50:bob|alice
STATE:400:rrc/cc:JhAc|Td3c/7d4cQc4s8s:30|-30:alice|bob
STATE:401:rrc/rc:9hAs|TdTs/9d7h4c4sQh:-50|50:bob|alice
STATE:402:cc/cc:9hTc|Ts6s/Qh6hQc3cQs:-10|10:alice|bob
STATE:403:rrf:Ad4h|4c8c:20|-20:bob|alice
STATE:404:cc/cc:4c2c|KdQs/Jd4d5hTd8h:10|-10:alice|bob
STATE:405:rrc/crc:KdQh|9s9h/9dJsJh3dKc:-50|50:bob|alice
STATE:406:rrc/crc:AsQs|KhJs/JdKdJc7cAd:-50|50:alice|bob
STATE:407:crc/crc:Qs4c|As3d/8h8d4dAh3h:-40|40:bob|alice
STATE:408:rrc/rc:2sAs|9d4c/Ah8d3hQd5c:50|-50:alice|bob
STATE:409:f:KdKs|7s3h:5|-5:bob|alice
STATE:410:crc/crc:9c9h|Qs3c/Js8c6hTcAc:40|-40:alice|bob
STATE:411:f:2s3s|4s6c:5|-5:bob|alice
STATE:412:rf:5c2d|4s8d:-10|10:alice|bob
STATE:413:f:8d8s|7h8c:5|-5:bob|alice
STATE:414:crc/cc:3s2c|7sAs/Kc4d7hAh5c:20|-20:alice|bob
STATE:415:f:Ah2d|5h8s:5|-5:bob|alice
STATE:416:crrf:5cJs|6d6s:-20|20:alice|bob
STATE:417:crc/cc:2hAc|Th8s/Qc4sKhAh3h:20|-20:bob|alice
STATE:418:cc/crc:8cJs|6c4h/8d9s5hTsAs:30|-30:alice|bob
STATE:419:rrc/rc:AsTh|JhAh/Ac8cJc9d8h:-50|50:bob|alice
STATE:420:rf:8s4c|7s4s:-10|10:alice|bob
STATE:421:crc/crrc:Ac3d|Kd4d/Js7dQhKsQs:-60|60:bob|alice
STATE:422:rc/crf:QdTc|Kd7h/4c3hJsJc8s:-20|20:alice|bob
STATE:423:rc/rf:4cQd|6hAh/JcThTs9dJs:20|-20:bob|alice
STATE:424:cc/crc:Jd9h|Qd5d/9d5c4s2s3h:30|-30:alice|bob
STATE:425:cc/cc:8h4s|As5h/5sKc6c3dJc:-10|10:bob|alice
STATE:426:cc/cc:4cKd|Ks5s/JdAd5h6c5d:-10|10:alice|bob
STATE:427:f:2c9h|4h9d:5|-5:bob|alice
STATE:428:rc/cc:Ks7h|8s2c/5s7d6c4d3h:-20|20:alice|bob
STATE:429:f:3sAd|7h4s:5|-5:bob|alice
STATE:430:rf:Kc3c|JdAc:-10|10:alice|bob
STATE:431:f:Qc5h|3d2c:5|-5:bob|alice
STATE:432:cc/crc:5d3c|KdAs/3h2hAhAdTh:-30|30:alice|bob
STATE:433:cc/rc:3dQd|Jd7h/5c9c8hKd9s:30|-30:bob|alice
STATE:434:cc/crf:5s8s|3h9d/4s4dTd2s6c:-10|10:alice|bob
STATE:435:crc/rf:TcTd|9hKh/Jd4c6h6cQd:20|-20:bob|alice
STATE:436:rrc/crf:3s8s|8d6h/7hTd2h7cQs:-30|30:alice|bob
STATE:437:f:8c5h|6d5s:5|-5:bob|alice
STATE:438:crrc/rrc:TdTs|As7h/KdTh5c3d2s:70|-70:alice|bob
STATE:439:rrf:6d7h|3dTs:20|-20:bob|alice
STATE:440:rrc/cc:4s3d|Jh3c/JdThQc2c6c:-30|30:alice|bob
STATE:441:f:Ad2s|4d9s:5|-5:bob|alice
STATE:442:cc/crc:Ts6s|3dAc/7hKd5s4sTh:30|-30:alice|bob
STATE:443:f:6dQs|Th5h:5|-5:bob|alice
STATE:444:rc/cc:9sTh|8d6d/6cKh4c2h5h:-20|20:alice|bob
STATE:445:rc/rc:Jh4h|TcTs/KhAc5hKdAh:40|-40:bob|alice
STATE:446:rf:2d4c|8s3d:-10|10:alice|bob
STATE:447:f:KhTs|Jc5c:5|-5:bob|alice
STATE:448:cc/rrc:4dKs|2c2h/Kh3d8dJs5c:50|-50:alice|bob
STATE:449:f:Tc4s|Jd4c:5|-5:bob|alice
STATE:450:crc/cc:2h2d|Ts8s/7c3cKh9sQc:20|-20:alice|bob
STATE:451:f:4cKd|4d9d:5|-5:bob|alice
STATE:452:cc/crc:4s6h|2c8s/4d3dKs3c7s:30|-30:alice|bob
STATE:453:rrc/crc:Ah4c|8s9h/AdAsQc7d9c:50|-50:bob|alice
STATE:454:rf:Tc4h|5s2s:-10|10:alice|bob
STATE:455:crc/cc:5c4h|ThQd/8c5d9d9c6h:20|-20:bob|alice
STATE:456:rc/cc:Kd6h|Qh7h/Jh8d2s8s4s:20|-20:alice|bob
STATE:457:rrf:Ac4c|7h9c:20|-20:bob|alice
STATE:458:rf:4h7h|4c2h:-10|10:alice|bob
STATE:459:f:5h9s|Qc2h:5|-5:bob|alice
STATE:460:crrc/rrc:ThQd|2c4h/QhAcTs3h2d:70|-70:alice|bob
STATE:461:rrc/crrc:Ac6c|KdAh/8h7hKs7cQh:-70|70:bob|alice
STATE:462:rf:Ah2c|QhKs:-10|10:alice|bob
STATE:463:f:JcAd|9h5s:5|-5:bob|alice
STATE:464:crc/cc:AsJs|AhKd/9d7c9s3dQc:-20|20:alice|bob
STATE:465:rrc/cc:4s9d|4d8s/Qs2h3sKc2c:30|-30:bob|alice
STATE:466:rc/rrc:9hTd|8dAh/2hTs7dAs2s:-60|60:alice|bob
STATE:467:f:7s2d|3sJc:5|-5:bob|alice
STATE:468:rrc/cc:7h9d|8c9c/7dQh4cKhJc:30|-30:alice|bob
STATE:469:f:Qd6c|8c5c:5|-5:bob|alice
STATE:470:rrc/cc:Kh4c|Tc7c/8dJd4dAd9c:-30|30:alice|bob
STATE:471:crc/cc:5hQh|Js6h/3d9c8s8cQc:20|-20:bob|alice
STATE:472:crrc/crc:5d5c|2s3s/8h2cAc4s4h:50|-50:alice|bob
STATE:473:f:9s4h|5h7c:5|-5:bob|alice
STATE:474:rf:5c7h|JcAh:-10|10:alice|bob
STATE:475:f:3hKd|Jd5c:5|-5:bob|alice
STATE:476:rrc/crrc:4s4c|KcAd/ThTs3c8hTd:70|-70:alice|bob
STATE:477:rc/cc:Ah4d|Jc5d/AsTd3c7s9d:20|-20:bob|alice
STATE:478:rf:8s7h|Qs3h:-10|10:alice|bob
STATE:479:rc/rrc:Qs5c|QhKd/4d2cKc5dJc:-60|60:bob|alice
STATE:480:crrc/rc:JcJh|4s9h/Qd7c9s3s4d:-50|50:alice|bob
STATE:481:crc/cc:KcKd|6dQh/Ac6c4hJc9d:20|-20:bob|alice
STATE:482:rf:4dTs|7d6c:-10|10:alice|bob
STATE:483:f:JhTd|2sAd:5|-5:bob|alice
STATE:484:cc/crc:5s7s|Qd4h/QsJs4cKd5d:-30|30:alice|bob
STATE:485:rrf:Tc4s|2h7s:20|-20:bob|alice
STATE:486:rrc/crc:Qc8h|Jd4s/Jc2h2d8c3s:-50|50:alice|bob
STATE:487:f:8dJc|6h2s:5|-5:bob|alice
STATE:488:rf:2dTd|6cQs:-10|10:alice|bob
STATE:489:cc/rf:7c6d|7hQs/5dTdJh8h2c:10|-10:bob|alice
STATE:490:crc/cc:KcQh|3cJc/Th4cJd6d7d:-20|20:alice|bob
STATE:491:f:5h6c|7h3h:5|-5:bob|alice
STATE:492:rf:3hKc|Kd6s:-10|10:alice|bob
STATE:493:f:4s5s|Qh2s:5|-5:bob|alice
STATE:494:crrc/crf:7sQs|3dJs/6d2hAs9hJc:-30|30:alice|bob
STATE:495:f:Qd2s|Jc4s:5|-5:bob|alice
STATE:496:cc/cc:8s7c|2d3d/7hTd5h9h8d:10|-10:alice|bob
STATE:497:cc/cc:5cKd|QdTs/3s4cKh6h5d:10|-10:bob|alice
STATE:498:rc/crc:Kd7c|8sKh/5dQs5h7s3h:40|-40:alice|bob
STATE:499:f:4c5d|5s9c:5|-5:bob|alice
STATE:500:cc/cc:Kh9c|Ah9s/Td3c6d2s4s:-10|10:alice|bob
STATE:501:f:Qs3d|9s4d:5|-5:bob|alice
STATE:502:cc/rrc:4sQs|9h9c/AsTd6c2sTs:50|-50:alice|bob
STATE:503:cc/cc:AsAd|Qs6s/4dTc7d8h2c:10|-10:bob|alice
STATE:504:rf:2d5s|5h2s:-10|10:alice|bob
STATE:505:f:Qh4s|3cTh:5|-5:bob|alice
STATE:506:rc/crf:Th7d|5hJd/Qh4d3dAs4s:-20|20:alice|bob
STATE:507:f:9s6d|2dTh:5|-5:bob|alice
STATE:508:cc/crf:7dKd|4dQh/AsAd6h5s6s:-10|10:alice|bob
STATE:509:f:2s9c|8d5c:5|-5:bob|alice
STATE:510:rc/cc:7cQd|9c2s/QsJhTd8c4s:-20|20:alice|bob
STATE:511:f:KhQs|4hJc:5|-5:bob|alice
STATE:512:cc/crf:7s4c|Ad5c/9hAc8h3hTc:-10|10:alice|bob
STATE:513:f:3d7c|2sQd:5|-5:bob|alice
STATE:514:rc/rc:Kc4c|6d6s/Jc5cThKd8h:40|-40:alice|bob
STATE:515:f:TsJd|4hQc:5|-5:bob|alice
STATE:516:rf:5d7c|8dJh:-10|10:alice|bob
STATE:517:rrc/cc:Qs9s|9d9h/7dKhQdTc5s:30|-30:bob|alice
STATE:518:cc/cc:Ah4d|3dAs/Ts5h4s3c9h:10|-10:alice|bob
STATE:519:f:9hTc|6h7h:5|-5:bob|alice
STATE:520:rc/rrc:Tc9h|AhTs/KcJd6hQh3s:-60|60:alice|bob
STATE:521:f:Kd7c|7d4s:5|-5:bob|alice
STATE:522:rrc/crf:5h6h|6d4s/9hTc9d2c8h:-30|30:alice|bob
STATE:523:f:5c7d|5s7h:5|-5:bob|alice
STATE:524:rf:5h3s|4cJd:-10|10:alice|bob
STATE:525:crrc/rf:ThQs|8hAs/5cKd9s7h3d:30|-30:bob|alice
STATE:526:cc/cc:Kc2d|2cQd/Qc8cJdTd4c:-10|10:alice|bob
STATE:527:f:JsQc|5s9d:5|-5:bob|alice
STATE:528:crrf:6s2c|5d4s:-20|20:alice|bob
STATE:529:f:3d8d|Kd3s:5|-5:bob|alice
STATE:530:rc/crf:JcQs|Kh7c/9s2hAs5c3s:-20|20:alice|bob
STATE:531:f:5dTs|3d9d:5|-5:bob|alice
STATE:532:crrc/rc:AdJh|8c9h/Th7h6hJs3c:-50|50:alice|bob
STATE:533:rrf:7s8h|6c7h:20|-20:bob|alice
STATE:534:rrc/cc:8c5c|8s9h/7dKdJsQh8h:0|0:alice|bob
STATE:535:f:Ad3s|8h7s:5|-5:bob|alice
STATE:536:cc/cc:Qc2c|3c8h/2s3dKd3s6s:-10|10:alice|bob
STATE:537:f:As6d|7d4h:5|-5:bob|alice
STATE:538:rf:4hTc|4c8s:-10|10:alice|bob
STATE:539:f:JhKc|3hQc:5|-5:bob|alice
STATE:540:rf:Jh5c|9h3s:-10|10:alice|bob
STATE:541:f:6dTs|9d4h:5|-5:bob|alice
STATE:542:rrc/rrc:QsKd|3c8c/KcJd2c7h9h:70|-70:alice|bob
STATE:543:crc/cc:9sJd|TsJc/6sTc3dAd9c:-20|20:bob|alice
STATE:544:rf:4dQc|9d2c:-10|10:alice|bob
STATE:545:crc/rc:2sTh|5dAs/4hAh9s9dQc:-40|40:bob|alice
STATE:546:cc/crc:6c9d|As4s/7c4dTdJdJh:-30|30:alice|bob
STATE:547:crrc/cc:2c7h|7cQh/8h7sAcAh4h:-30|30:bob|alice
STATE:548:rf:3d5c|8h2c:-10|10:alice|bob
STATE:549:rc/rc:3dTc|5c7h/4cKcAc2h5h:40|-40:bob|alice
STATE:550:rrc/cc:5s5c|Qs4h/JhTdKdTs8s:30|-30:alice|bob
STATE:551:crrc/rc:6c4s|7cJs/2h6sKhJh3c:-50|50:bob|alice
STATE:552:rc/cc:4hAd|6d5s/Qc3hThKcKs:20|-20:alice|bob
STATE:553:crc/rf:AcAh|Jh6c/2s3hQdTd9s:20|-20:bob|alice
STATE:554:rf:4sTh|6s2c:-10|10:alice|bob
STATE:555:crc/crrc:TsAd|Qd5h/Jd6h8hThQh:-60|60:bob|alice
STATE:556:crc/cc:KsAs|TsTc/5d9d7sTdJd:-20|20:alice|bob
STATE:557:f:4c3c|5h7d:5|-5:bob|alice
STATE:558:cc/crc:5h2s|6c4d/6s3s8h8sTs:30|-30:alice|bob
STATE:559:f:6cKh|Jd4h:5|-5:bob|alice
STATE:560:rrc/cc:4s9s|8c3c/2s9h2hQdJc:30|-30:alice|bob
STATE:561:f:4dQd|5s6c:5|-5:bob|alice
STATE:562:cc/cc:Jc5d|6hJd/2d4h7h5hJh:-10|10:alice|bob
STATE:563:f:3cJd|6c8c:5|-5:bob|alice
STATE:564:cc/cc:6hTs|7c9c/9hJd8hKd9d:-10|10:alice|bob
STATE:565:crc/rrc:4dAs|7dQs/QhAh7hTd2d:-60|60:bob|alice
STATE:566:cc/crc:6d8c|4sQc/3cThJh9s8s:-30|30:alice|bob
STATE:567:f:2hJs|Kc3d:5|-5:bob|alice
STATE:568:rf:Qd2d|3c4d:-10|10:alice|bob
STATE:569:cc/cc:9d7s|Ks9h/8s4d6c8dJs:-10|10:bob|alice
STATE:570:rf:3h7c|2sAc:-10|10:alice|bob
STATE:571:f:3s4s|7d3c:5|-5:bob|alice
STATE:572:rf:7h5s|AhAs:-10|10:alice|bob
STATE:573:crc/rf:8c9c|Qd6h/AsTd8h7h7s:20|-20:bob|alice
STATE:574:rf:9d2h|8hTd:-10|10:alice|bob
STATE:575:cc/rf:Ks5d|6hKh/3s3cQc8sQh:10|-10:bob|alice
STATE:576:rf:7d8s|7sAh:-10|10:alice|bob
STATE:577:rc/rrc:2cKh|KdAd/9c5hKc5s6d:-60|60:bob|alice
STATE:578:cc/rc:JcTh|4dAs/Qc7sKh5c9c:30|-30:alice|bob
STATE:579:cc/cc:Jh8h|Kc8d/Jc5h6s2s2d:10|-10:bob|alice
STATE:580:cc/rc:9c6d|9s6s/Js6c7c8d6h:0|0:alice|bob
STATE:581:f:4dAs|Tc3s:5|-5:bob|alice
STATE:582:rc/cc:TcAs|Ks3h/9c7d3s9d2c:-20|20:alice|bob
STATE:583:crc/crc:8s2s|Kd5s/8hQd7dJdKh:-40|40:bob|alice
STATE:584:rrc/rrc:QcKh|9h5c/Qs4d9d5d8s:-70|70:alice|bob
STATE:585:f:4s5h|Ad2h:5|-5:bob|alice
STATE:586:rrc/crf:AsJs|KcAc/Th3dQc7d8s:-30|30:alice|bob
STATE:587:crc/cc:KhAs|AcTh/5hQhQs9dKc:20|-20:bob|alice
STATE:588:rf:2hKh|Ah2s:-10|10:alice|bob
STATE:589:f:8dAd|2c6d:5|-5:bob|alice
STATE:590:rc/rrc:5cQh|Jh6d/7c8h5dQc5h:60|-60:alice|bob
STATE:591:crc/cc:3s6s|9c8h/KhQhTsTd4c:-20|20:bob|alice
STATE:592:rrc/cc:AcKh|JcAd/5cThQd8c2h:30|-30:alice|bob
STATE:593:cc/rf:5dAc|6sKd/AdQd9s9h2h:10|-10:bob|alice
STATE:594:crrc/cc:2d2s|9sKs/6sTcQc9c2c:30|-30:alice|bob
STATE:595:rrc/rf:3d4s|5dQd/8d4cJsAcKc:30|-30:bob|alice
STATE:596:rrc/cc:4d4h|Ts2c/QhKd8h2h7c:30|-30:alice|bob
STATE:597:f:9cKc|6d9h:5|-5:bob|alice
STATE:598:rf:Th3d|7hAc:-10|10:alice|bob
STATE:599:f:Qh6h|2c3s:5|-5:bob|alice
STATE:600:cc/cc:8c7d|3d7s/4d8s9sKs3h:10|-10:alice|bob
STATE:601:f:Jh9c|Jd4d:5|-5:bob|alice
STATE:602:cc/rrc:2hKd|4hKc/TdKs5d5sJs:0|0:alice|bob
STATE:603:crrc/crc:7h6c|9dJd/4dKd6h6dKc:50|-50:bob|alice
STATE:604:crc/rc:Qc4h|9dTs/2dAc9c4d4c:40|-40:alice|bob
STATE:605:rrf:3h8h|4hJs:20|-20:bob|alice
STATE:606:rrc/rc:5d5h|Qd9s/AsAcAdAh3s:-50|50:alice|bob
STATE:607:f:8c5d|Ks2s:5|-5:bob|alice
STATE:608:rc/crf:5cAs|9c5h/8cKc8d2s9s:-20|20:alice|bob
STATE:609:f:8s5s|2s8c:5|-5:bob|alice
STATE:610:crc/rc:KcKd|2sTh/4s5s9h7d7s:40|-40:alice|bob
STATE:611:f:9h7d|4dJc:5|-5:bob|alice
STATE:612:rf:9s3h|TsJs:-10|10:alice|bob
STATE:613:f:2s3c|8s7d:5|-5:bob|alice
STATE:614:cc/rc:6sQc|2cKd/Td5hQd8h2h:30|-30:alice|bob
STATE:615:f:5h8c|Qd3h:5|-5:bob|alice
STATE:616:rrc/crf:7c7d|AdTs/Jd2sQsAh9d:-30|30:alice|bob
STATE:617:f:9dKs|4h7d:5|-5:bob|alice
STATE:618:rf:2d4s|9dKh:-10|10:alice|bob
STATE:619:f:AdTs|4hQh:5|-5:bob|alice
STATE:620:rc/rc:7sKd|Qh4c/3s9s2sQs6d:40|-40:alice|bob
STATE:621:f:6c8c|3h4s:5|-5:bob|alice
STATE:622:rrc/rrc:JcJs|Ac9d/JhQh2s4d5s:70|-70:alice|bob
STATE:623:crc/rf:TdQs|Ac7s/JdKs9cKc3d:20|-20:bob|alice
STATE:624:crrc/rrc:7hAs|2c8h/Tc3hQcTdAd:70|-70:alice|bob
STATE:625:f:AsJd|2dJs:5|-5:bob|alice
STATE:626:rc/crf:Qh9s|Tc7c/JdAs5c4d6h:-20|20:alice|bob
STATE:627:f:Ks9s|4s5h:5|-5:bob|alice
STATE:628:rrc/cc:4hAc|AhQd/QcQhKs4s3c:-30|30:alice|bob
STATE:629:f:7h9s|Ac2h:5|-5:bob|alice
STATE:630:rf:2dAd|Jc6d:-10|10:alice|bob
STATE:631:f:6h3d|8d5s:5|-5:bob|alice
STATE:632:rc/crf:Kd7s|2dQc/Td6h2hAs4c:-20|20:alice|bob
STATE:633:rc/rc:6d6s|2cKs/5dAh3h3d8c:40|-40:bob|alice
STATE:634:rrc/cc:2s2h|7c7h/Kd6h6sKsJd:-30|30:alice|bob
STATE:635:cc/cc:9cQc|Qd7c/4c3c7h5d6c:10|-10:bob|alice
STATE:636:cc/cc:Ac3c|3s9d/9hKh7sJc6d:-10|10:alice|bob
STATE:637:f:2dQs|9h6d:5|-5:bob|alice
STATE:638:cc/rc:2hKh|8s6s/KcAhJd8h2c:30|-30:alice|bob
STATE:639:f:2s9s|6d3h:5|-5:bob|alice
STATE:640:rf:4s9s|JsAd:-10|10:alice|bob
STATE:641:crc/rf:4s8s|As7d/KhQd9c8h2s:20|-20:bob|alice
STATE:642:cc/cc:2h9h|JdJh/8h4s5sTdQh:-10|10:alice|bob
STATE:643:rc/rf:KdTc|8cKh/9dTs5hAs2s:20|-20:bob|alice
STATE:644:cc/crc:Qh2d|QdJd/2h5d4d5h7s:30|-30:alice|bob
STATE:645:crrc/cc:9s8d|Qd8s/5c2cTs3cQc:-30|30:bob|alice
STATE:646:cc/cc:Qc9h|7s2d/3hKd8h6sJs:10|-10:alice|bob
STATE:647:cc/rc:7h2h|TcQs/6cAd9dQc7d:-30|30:bob|alice
STATE:648:cc/crc:Ks3h|Jc7h/3cQs2sAd6s:30|-30:alice|bob
STATE:649:f:KdKh|5hTh:5|-5:bob|alice
STATE:650:crrc/crf:6dJs|5dKh/9s5hKdAc4s:-30|30:alice|bob
STATE:651:f:6c2d|6dTs:5|-5:bob|alice
STATE:652:cc/crf:Ks3h|3cTc/5d2cJcJsAs:-10|10:alice|bob
STATE:653:crc/cc:JcKd|5dKc/6cQc9c5sTd:20|-20:bob|alice
STATE:654:rf:Ks2d|7cTh:-10|10:alice|bob
STATE:655:f:5dAc|4d2s:5|-5:bob|alice
STATE:656:cc/cc:JsQc|7s9h/JdKh6hAc7c:10|-10:alice|bob
STATE:657:f:8d9s|Ah2d:5|-5:bob|alice
STATE:658:rf:7h3d|Ks8c:-10|10:alice|bob
STATE:659:crc/cc:8s7d|Qc8h/5s4d6h2dQh:20|-20:bob|alice
STATE:660:rc/crf:8dJs|4s2c/3d6c9d3cQc:-20|20:alice|bob
STATE:661:cc/rf:9cQc|7dKd/4dQd5cJs2s:10|-10:bob|alice
STATE:662:rrc/crc:8h8s|Qc6c/7d2h3dKh9s:50|-50:alice|bob
STATE:663:cc/cc:2dAh|4dKs/9s8s3c8c7s:10|-10:bob|alice
STATE:664:rc/crf:3sAh|4sTs/Kd8s2cQh6s:-20|20:alice|bob
STATE:665:rc/crc:2hQs|4s7c/6c5c6d8c4h:-40|40:bob|alice
STATE:666:cc/crf:7sAs|9dTh/8hJcQs4c9c:-10|10:alice|bob
STATE:667:f:Ah7d|Ts6c:5|-5:bob|alice
STATE:668:cc/crc:7c4h|6s9d/Ks3cJh7d5c:30|-30:alice|bob
STATE:669:rrc/rc:4dKc|Ad6h/2hQd7c5d6c:-50|50:bob|alice
STATE:670:cc/rrc:8c6s|JsQd/8s6d4c7d2s:50|-50:alice|bob
STATE:671:rc/cc:3hAs|AdKs/4cJs4h5sTh:-20|20:bob|alice
STATE:672:cc/rc:5sTc|6dKs/6c6s3cQsTs:-30|30:alice|bob
STATE:673:f:7sQs|4d3h:5|-5:bob|alice
STATE:674:rf:4s8d|2s5d:-10|10:alice|bob
STATE:675:rc/cc:Ac2s|6cKd/TsQc3s9sQd:20|-20:bob|alice
STATE:676:rrc/cc:2h2d|7sQs/KcQd3h5sKd:-30|30:alice|bob
STATE:677:cc/crc:2c4c|Jd9s/TdTh9c3sJs:-30|30:bob|alice
STATE:678:cc/rc:8d5d|6s6d/JdQd8s9d9c:30|-30:alice|bob
STATE:679:rrf:Tc3h|4h6s:20|-20:bob|alice
STATE:680:rc/cc:8hQc|9sAc/2c4d3h8sJc:20|-20:alice|bob
STATE:681:f:6cJc|4cQh:5|-5:bob|alice
STATE:682:cc/crc:8d2h|Tc4s/Ac7c7hKs8c:30|-30:alice|bob
STATE:683:crc/cc:8s8h|QhJc/6c5sKh7d5c:20|-20:bob|alice
STATE:684:cc/cc:Qc4c|8c4s/7sKsTdAcQs:10|-10:alice|bob
STATE:685:f:JdAs|Kd2h:5|-5:bob|alice
STATE:686:rf:5h8h|JcTh:-10|10:alice|bob
STATE:687:cc/rc:Th6c|Qd5d/Jh9d4h4d5h:-30|30:bob|alice
STATE:688:rf:5s8c|KdKh:-10|10:alice|bob
STATE:689:f:7c6c|7h9s:5|-5:bob|alice
STATE:690:cc/cc:Qc5d|As8s/Td4d2h3sKh:-10|10:alice|bob
STATE:691:f:3c7d|As2h:5|-5:bob|alice
STATE:692:cc/rrc:8c4s|KsTc/8s2dJs4c6s:50|-50:alice|bob
STATE:693:f:Jh5s|6c7h:5|-5:bob|alice
STATE:694:crrc/crc:Td7h|QdTs/JdTc3s6s3d:-50|50:alice|bob
STATE:695:crc/rrc:9c4d|Kd8s/JdAh6s8cKc:-60|60:bob|alice
STATE:696:rf:2h7s|4h6c:-10|10:alice|bob
STATE:697:rrc/cc:7h4h|Ks9d/5s6c3c2d9s:30|-30:bob|alice
STATE:698:cc/crf:8c9d|3h4c/QhQd5sKh6d:-10|10:alice|bob
STATE:699:cc/cc:Ah4d|JsQd/7c2h5hKcTh:10|-10:bob|alice
STATE:700:cc/cc:4hTd|Qs3d/Ac7d3s4d8s:10|-10:alice|bob
STATE:701:f:2d9c|3s8h:5|-5:bob|alice
STATE:702:rrc/cc:4d4h|QsKh/Ad6hJd9cKd:-30|30:alice|bob
STATE:703:f:Jh6h|Ah2s:5|-5:bob|alice
STATE:704:rrc/rc:8c8s|4hQc/Qh9s3hKd8d:50|-50:alice|bob
STATE:705:cc/cc:9d3d|TcAc/3sQc4s7d2d:10|-10:bob|alice
STATE:706:rrc/cc:TdTs|4dAs/4s9d3dKd8s:30|-30:alice|bob
STATE:707:rc/rrc:Kc8s|5c4c/Jd9s3c2d6c:-60|60:bob|alice
STATE:708:cc/cc:4d6c|2d9c/5s2c6s4s5c:10|-10:alice|bob
STATE:709:f:Kh2h|6c2d:5|-5:bob|alice
STATE:710:rc/cc:4sAc|Kh7h/Jd2hQhTcTs:20|-20:alice|bob
STATE:711:crc/rf:Ah8h|As4h/9hTc7cQc3h:20|-20:bob|alice
STATE:712:rrc/crc:Ac6h|Ah7c/Qs5h6sKd2h:50|-50:alice|bob
STATE:713:rrc/rrc:5hQd|AsJs/2sAd4h7h3h:70|-70:bob|alice
STATE:714:rf:2h3s|6h9s:-10|10:alice|bob
STATE:715:rrf:3cJh|5h4d:20|-20:bob|alice
STATE:716:rc/rrc:TsAs|KsTh/5cAc2dQdQs:60|-60:alice|bob
STATE:717:f:3hTc|Qs4s:5|-5:bob|alice
STATE:718:rf:9d6c|3s8d:-10|10:alice|bob
STATE:719:f:7hAs|6h7d:5|-5:bob|alice
STATE:720:crrf:Tc3s|Jc7c:-20|20:alice|bob
STATE:721:crc/crrc:3dQd|5cAs/4s8d9sAd3h:-60|60:bob|alice
STATE:722:cc/cc:5h9h|KhTd/2s7d8cJhKd:-10|10:alice|bob
STATE:723:cc/rrc:Qh3h|8sAs/5sKh4s8c3s:-50|50:bob|alice
STATE:724:rc/crc:Tc7s|5sJs/TsQs5c5d4d:-40|40:alice|bob
STATE:725:f:5dJh|4dJd:5|-5:bob|alice
STATE:726:rrc/crc:4cJh|9sKd/Ac3c5s4dKc:-50|50:alice|bob
STATE:727:rrc/rrc:8sKc|9sTs/9cTcAc4sKh:-70|70:bob|alice
STATE:728:rf:7s6d|7cAd:-10|10:alice|bob
STATE:729:crc/cc:Jh3c|4cAd/9d5h4sQd9s:-20|20:bob|alice
STATE:730:cc/cc:6sJd|5hKs/8cKh2h9c2s:-10|10:alice|bob
STATE:731:f:AdJh|5s9h:5|-5:bob|alice
STATE:732:rf:8c7h|8h6d:-10|10:alice|bob
STATE:733:rrc/rf:2s7h|AhKh/8cJsQh3d5h:30|-30:bob|alice
STATE:734:rrc/cc:Ks5c|7hTs/4d2sJh5s8s:30|-30:alice|bob
STATE:735:f:4cKc|7c9s:5|-5:bob|alice
STATE:736:rf:3hTh|Kc6c:-10|10:alice|bob
STATE:737:crc/cc:7h4d|9c8d/6d2cTdJs9d:-20|20:bob|alice
STATE:738:rc/crc:Tc7c|5hTh/7s9hJcAs4s:40|-40:alice|bob
STATE:739:f:7s5h|2dJh:5|-5:bob|alice
STATE:740:rf:5sTs|JcAc:-10|10:alice|bob
STATE:741:cc/rc:Jh7c|9sKc/8hAc4sKd6h:-30|30:bob|alice
STATE:742:rf:Qh3c|7c8h:-10|10:alice|bob
STATE:743:f:QhQd|2sKd:5|-5:bob|alice
STATE:744:crrc/rc:QhKs|Ts8c/5c4sQc8sKc:50|-50:alice|bob
STATE:745:crc/rf:7cKs|9cJs/2c6d8s5dKc:20|-20:bob|alice
STATE:746:cc/cc:Kh9s|Qc9c/3cJsQhJd7h:-10|10:alice|bob
STATE:747:rrc/rrc:9hTh|8sJc/5h4d6hTd7c:-70|70:bob|alice
STATE:748:cc/cc:8cAs|Th4h/5hKsQc6c7c:10|-10:alice|bob
STATE:749:f:5c5h|2cQd:5|-5:bob|alice
STATE:750:rrc/cc:AhKs|Kc7d/8d8c2d4d6h:30|-30:alice|bob
STATE:751:f:9d2s|3hQh:5|-5:bob|alice
STATE:752:cc/crf:7d8h|6dQh/TdKh2h3dAs:-10|10:alice|bob
STATE:753:rrf:9c7c|2dQd:20|-20:bob|alice
STATE:754:cc/crc:KcTd|6s9d/6hAc5d2hTh:30|-30:alice|bob
STATE:755:rrc/rc:3s7s|QdQc/Kh5cJdAs2h:-50|50:bob|alice
STATE:756:cc/cc:Qc3h|9h2c/2dJs7h4sKd:-10|10:alice|bob
STATE:757:cc/cc:8h3d|7dAs/Kh2dQc5s5d:-10|10:bob|alice
STATE:758:rf:7s3s|9cTd:-10|10:alice|bob
STATE:759:f:2h3d|2c7h:5|-5:bob|alice
STATE:760:rf:7s5s|Qh6h:-10|10:alice|bob
STATE:761:f:6c9h|7s8c:5|-5:bob|alice
STATE:762:crc/crf:JsQh|Kc8h/7d2cTd6d4h:-20|20:alice|bob
STATE:763:f:Ts8h|5h9d:5|-5:bob|alice
STATE:764:cc/rrc:AdTs|KcJs/5s9s9hAsAc:50|-50:alice|bob
STATE:765:rc/rc:Ah6s|As3h/8h7h2h3sKh:40|-40:bob|alice
STATE:766:cc/crf:3dJc|7cKh/5d9h9dTdAh:-10|10:alice|bob
STATE:767:f:5h7d|2h6h:5|-5:bob|alice
STATE:768:crrc/cc:3h3c|Kh6h/4s5c4dQhKs:-30|30:alice|bob
STATE:769:f:Ad7d|6h8c:5|-5:bob|alice
STATE:770:cc/crc:5s6s|7s4c/8sAc4s6c3d:30|-30:alice|bob
STATE:771:crc/cc:QhQs|Jh8s/3h8dAdTcKh:20|-20:bob|alice
STATE:772:crc/rc:QdKh|4h7d/3sKc2sQs7h:40|-40:alice|bob
STATE:773:cc/cc:8d7c|TdKs/Kc6h8hAdJd:-10|10:bob|alice
STATE:774:rrc/rrc:JsKc|4h6s/5dTd9hQcJh:70|-70:alice|bob
STATE:775:f:QhAs|Jh3c:5|-5:bob|alice
STATE:776:rf:6c2h|Ad5s:-10|10:alice|bob
STATE:777:cc/cc:9dKd|Qs8d/8s3cTcKhAh:10|-10:bob|alice
STATE:778:cc/rc:5cQs|8d8c/Ad3hQh9dQd:30|-30:alice|bob
STATE:779:f:7hAd|4s9d:5|-5:bob|alice
STATE:780:cc/crf:Kd4s|6c4d/2s2cAdJcQc:-10|10:alice|bob
STATE:781:rrc/rc:Td7d|5d5h/Kh2dAdKd2h:50|-50:bob|alice
STATE:782:rf:5s9h|7d8c:-10|10:alice|bob
STATE:783:rc/cc:5sAc|Kd9s/Tc6sJhJdJs:20|-20:bob|alice
STATE:784:cc/cc:6d5h|2dJc/QsAcAd7hQc:-10|10:alice|bob
STATE:785:crc/cc:TsKd|Kc6h/2c8d6sJc4c:-20|20:bob|alice
STATE:786:rrc/rrc:JdAc|4d4h/2dTc3s8cAh:70|-70:alice|bob
STATE:787:rc/rc:Ac9s|ThTs/Ks5dAh2h8h:40|-40:bob|alice
STATE:788:crc/crc:5hAd|TsTd/Tc6d2c6sQh:-40|40:alice|bob
STATE:789:crc/rrc:2cTc|9sJc/6h9c3dKdKs:-60|60:bob|alice
STATE:790:cc/cc:Js2d|AhKd/9h4d6s5s4c:-10|10:alice|bob
STATE:791:cc/rrc:Ts8s|Kh7d/Qs5dKd5c3h:-50|50:bob|alice
STATE:792:cc/rrc:KdJc|5sQh/5hAcKs3c3d:50|-50:alice|bob
STATE:793:f:Jc8d|5hJh:5|-5:bob|alice
STATE:794:crrf:2hKh|AcJs:-20|20:alice|bob
STATE:795:rrc/rrc:Td5s|6dQh/6hQd7h4cTh:-70|70:bob|alice
STATE:796:cc/rrc:Ts5s|2hAc/Jc9s3d5d5h:50|-50:alice|bob
STATE:797:cc/rc:Jc9s|Jh6c/QdJsTsTh5d:0|0:bob|alice
STATE:798:cc/cc:8s2d|6c3d/Jc8cTsAsAc:10|-10:alice|bob
STATE:799:cc/rf:Kd4c|3dAs/Jd8s6d8c2s:10|-10:bob|alice
STATE:800:rc/rc:4cKd|3d6s/2h7dKs6dQc:40|-40:alice|bob
STATE:801:crc/crc:9sQd|AhTc/5dJdQh4cKc:-40|40:bob|alice
STATE:802:cc/cc:8cTh|6s5d/2h6d3h5sQd:-10|10:alice|bob
STATE:803:f:2c7h|5h3c:5|-5:bob|alice
STATE:804:cc/crf:Ts5d|8d7c/5h8c9h7hAc:-10|10:alice|bob
STATE:805:rrc/cc:Ac5h|6s3h/2cAh3d7cTs:30|-30:bob|alice
STATE:806:cc/cc:Ad3s|QdAh/Kd2h7d6h5c:-10|10:alice|bob
STATE:807:f:9dJc|4cTh:5|-5:bob|alice
STATE:808:rc/rc:Jc9d|6sTh/5dJs3dAh3c:40|-40:alice|bob
STATE:809:f:8d2h|6h7s:5|-5:bob|alice
STATE:810:cc/cc:Qc9s|Qs7c/5s8h8s7sQh:10|-10:alice|bob
STATE:811:rc/cc:9hQs|ThAc/2s5d6s3c9d:20|-20:bob|alice
STATE:812:cc/cc:Js9c|3sQs/9d8d8hAcKd:10|-10:alice|bob
STATE:813:f:8dJd|8s7h:5|-5:bob|alice
STATE:814:cc/cc:8dKc|5cTs/Js2d3c7dQh:10|-10:alice|bob
STATE:815:rrc/cc:7c3s|AdQc/Ks6h2s3h9h:30|-30:bob|alice
STATE:816:cc/rc:8d9h|5hAc/As8c2d4s9d:30|-30:alice|bob
STATE:817:f:6dKc|4d2c:5|-5:bob|alice
STATE:818:crc/crc:AdKs|6s5h/9c6h3cTcKc:40|-40:alice|bob
STATE:819:f:9cJh|6s2h:5|-5:bob|alice
STATE:820:crrf:9c3d|5hTs:-20|20:alice|bob
STATE:821:crc/crc:6h4c|8cKd/AcJsQdTh4s:-40|40:bob|alice
STATE:822:cc/rc:Kc4c|3s6s/8d7h4h4s3c:30|-30:alice|bob
STATE:823:cc/crc:6cJd|7hQh/7c7sTh3d6s:-30|30:bob|alice
STATE:824:rf:Qs4d|3sAd:-10|10:alice|bob
STATE:825:f:5cJs|4dTs:5|-5:bob|alice
STATE:826:crc/rrc:KdKh|TdQh/2d6c4d4c7c:60|-60:alice|bob
STATE:827:f:9dQh|2h7c:5|-5:bob|alice
STATE:828:cc/cc:3dAs|3c8s/6sQs8dKc9s:-10|10:alice|bob
STATE:829:f:6d6h|6s9h:5|-5:bob|alice
STATE:830:crc/crf:KcQc|2s2d/Ts4d6dJh4h:-20|20:alice|bob
STATE:831:cc/rc:8c9h|JcKd/QhQc4s6cAc:-30|30:bob|alice
STATE:832:cc/rrc:2c9c|3s6h/Jh9h6cAd2d:50|-50:alice|bob
STATE:833:crc/cc:7cJh|Qc5c/9sAdKd4h7d:20|-20:bob|alice
STATE:834:cc/crc:2cTd|7c2h/TcQs7d8dKc:30|-30:alice|bob
STATE:835:cc/rrc:Kh9d|9hAd/Qc4sJdAh7h:-50|50:bob|alice
STATE:836:rrc/cc:QhQd|2dJc/3s2sQs4sKh:30|-30:alice|bob
STATE:837:f:8d6s|3hTc:5|-5:bob|alice
STATE:838:cc/cc:9sAc|3sAd/9dQdQsJcTc:10|-10:alice|bob
STATE:839:cc/cc:Td2h|9dKc/Th2c2s5hAh:10|-10:bob|alice
STATE:840:crc/cc:2cQs|9dJc/Ac7hTd8h3d:-20|20:alice|bob
STATE:841:f:4d8d|2cJs:5|-5:bob|alice
STATE:842:rc/rrc:Qs5c|8dQc/Qd4d9h6c6s:0|0:alice|bob
STATE:843:crc/crc:3sTd|Ks9h/8sQdQsJdTc:-40|40:bob|alice
STATE:844:cc/crc:4sJs|Jh3c/4c5sAh3hTh:30|-30:alice|bob
STATE:845:cc/rrc:3cTc|Ah7c/6dKs2h9dAs:-50|50:bob|alice
STATE:846:cc/crf:2dKh|KdAc/Ah8c4sQdTc:-10|10:alice|bob
STATE:847:crc/rrc:Ac8d|Kd8c/Td7c6c4s5h:0|0:bob|alice
STATE:848:rrc/cc:9c5d|6h3c/2h9hJsTd8s:30|-30:alice|bob
STATE:849:f:QcJc|Kh2c:5|-5:bob|alice
STATE:850:rf:6d4s|AdJs:-10|10:alice|bob
STATE:851:cc/rf:7sQd|Qc8s/9c4s3dAs9s:10|-10:bob|alice
STATE:852:rf:5d6h|Tc5h:-10|10:alice|bob
STATE:853:f:8s6h|7d5d:5|-5:bob|alice
STATE:854:rrc/rc:QsQh|4s5c/4c4hQc8hJh:50|-50:alice|bob
STATE:855:f:7sTc|5d3s:5|-5:bob|alice
STATE:856:rf:6c5s|3d2d:-10|10:alice|bob
STATE:857:f:3c6s|3d6h:5|-5:bob|alice
STATE:858:rrc/rc:JhAh|4c9h/Th6sAcAs6c:50|-50:alice|bob
STATE:859:rrc/cc:3c4d|AhQh/2hKdQcTd6s:-30|30:bob|alice
STATE:860:cc/crc:2dTh|AcJd/2c8c5d5h4c:30|-30:alice|bob
STATE:861:rrc/rc:3hJd|AcAh/9h6c4h5sKc:-50|50:bob|alice
STATE:862:cc/cc:7c2h|7d5s/9cQhAcKc7h:0|0:alice|bob
STATE:863:rc/cc:ThKc|3c3h/JhKhAdJdKd:20|-20:bob|alice
STATE:864:rc/rc:Kh7c|6c7s/2hJh5hKd4s:40|-40:alice|bob
STATE:865:rc/rf:Qc5d|4hJc/2c6dKcAh9d:20|-20:bob|alice
STATE:866:cc/cc:KdTd|3d2h/9cJcKc8h8s:10|-10:alice|bob
STATE:867:rrc/crc:5hJd|JsAh/5sQsKdTdQc:-50|50:bob|alice
STATE:868:rf:4c3d|8d7s:-10|10:alice|bob
STATE:869:f:ThAs|3hQs:5|-5:bob|alice
STATE:870:crc/crc:8s8d|Ac3h/9d2d2sKd2h:40|-40:alice|bob
STATE:871:rrf:Ac9c|2d6c:20|-20:bob|alice
STATE:872:rc/rc:Kd6h|8s3d/3hKs7h2d2s:40|-40:alice|bob
STATE:873:f:Tc4h|2d9h:5|-5:bob|alice
STATE:874:cc/rrc:8h4c|3s9s/Tc5hJc9h7c:50|-50:alice|bob
STATE:875:cc/rf:5cTd|7sQh/8s4h2c9s3c:10|-10:bob|alice
STATE:876:cc/rrc:8h7h|Qh3d/7dAd8c5s2h:50|-50:alice|bob
STATE:877:crc/crc:7hTh|Js9h/8d4d3hJcKh:-40|40:bob|alice
STATE:878:crrc/crc:3h3s|2h7s/6c3c6h6d5c:50|-50:alice|bob
STATE:879:crc/rf:TcJd|TdQs/7c8c4sAhJh:20|-20:bob|alice
STATE:880:rf:3c4s|4h4d:-10|10:alice|bob
STATE:881:f:9cKs|3h8h:5|-5:bob|alice
STATE:882:cc/cc:8d9d|KsTc/Th5cKc6h5h:-10|10:alice|bob
STATE:883:crc/rc:Qs9s|7sTs/9hKc4c8c7d:40|-40:bob|alice
STATE:884:crrc/rc:JsAc|6dJh/2cTsAdQh3s:50|-50:alice|bob
STATE:885:crc/cc:5c9s|JcKd/6h5d7sTs3s:20|-20:bob|alice
STATE:886:rc/cc:Qh8c|Ts7d/9s4cJh7c3c:-20|20:alice|bob
STATE:887:cc/cc:Jc4d|7dQd/Qs8h9d8dAh:-10|10:bob|alice
STATE:888:rc/rc:TdKh|6dKs/Kd5cJhAsAc:0|0:alice|bob
STATE:889:cc/rc:Kc2s|Ah8h/Ad5s3sJdJs:-30|30:bob|alice
STATE:890:crc/cc:2hKs|TcJs/AhTdQhKc8s:-20|20:alice|bob
STATE:891:crc/rf:Kc2s|7cQh/5d4hJhJd6h:20|-20:bob|alice
STATE:892:cc/rrc:Qd9d|8dAh/7hQc5sJh3c:50|-50:alice|bob
STATE:893:cc/crc:4hKs|Jc7s/8cKc7dJhQh:-30|30:bob|alice
STATE:894:cc/rc:6h5h|6dKs/7h8dQd2h4d:30|-30:alice|bob
STATE:895:f:8h7c|4h2s:5|-5:bob|alice
STATE:896:rf:6h8s|Tc2s:-10|10:alice|bob
STATE:897:f:ThAd|Jd5h:5|-5:bob|alice
STATE:898:rc/cc:JdKc|5dKs/6s7c7d5cTh:-20|20:alice|bob
STATE:899:f:5cAd|Ks2c:5|-5:bob|alice
STATE:900:rc/crf:Ad7d|7s2d/5hTsTh9sQh:-20|20:alice|bob
STATE:901:f:ThAs|5c8s:5|-5:bob|alice
STATE:902:rf:5s2d|7d9s:-10|10:alice|bob
STATE:903:rc/cc:AcJd|4c4d/6s8cTd9h9c:-20|20:bob|alice
STATE:904:cc/crf:Jh2s|Js4h/Kc9sAd2dQd:-10|10:alice|bob
STATE:905:f:9d4h|2dQs:5|-5:bob|alice
STATE:906:cc/crf:5h4c|Qc9s/AhAcKs3cJs:-10|10:alice|bob
STATE:907:crc/rf:3s4s|KdTc/9d2h3hAd6h:20|-20:bob|alice
STATE:908:crrc/rc:9sTd|8d8s/TcAh2cTsQc:50|-50:alice|bob
STATE:909:crc/cc:AcAd|KcTs/QhJh3h8hAs:-20|20:bob|alice
STATE:910:rf:Kc3d|TdTc:-10|10:alice|bob
STATE:911:f:JsAd|6c5s:5|-5:bob|alice
STATE:912:cc/crf:3d7h|Qc6h/4c2h5h3h9s:-10|10:alice|bob
STATE:913:cc/cc:4c2d|TsAc/ThKcQc2c6d:-10|10:bob|alice
STATE:914:rc/rrc:Ks6s|6h7d/6dKh3h4c3c:60|-60:alice|bob
STATE:915:f:7h9c|Kh3h:5|-5:bob|alice
STATE:916:rrc/rrc:AdKd|Ts7c/2sAcKc6dQc:70|-70:alice|bob
STATE:917:f:5sTs|2d6h:5|-5:bob|alice
STATE:918:cc/rrc:2d5c|9cQd/6hJc3s3h4d:50|-50:alice|bob
STATE:919:f:3cQs|4c8h:5|-5:bob|alice
STATE:920:cc/crc:3sTc|7sQc/Js3h6h6d9c:30|-30:alice|bob
STATE:921:f:JhAs|5c4s:5|-5:bob|alice
STATE:922:cc/crf:5dJc|Jh8s/9c2dKsKhTh:-10|10:alice|bob
STATE:923:rrc/rf:3s5h|KcQs/6cJs5c7c9d:30|-30:bob|alice
STATE:924:cc/crf:Jh2s|8h6s/8s4dAh4h9h:-10|10:alice|bob
STATE:925:cc/rf:9sQh|Ad5h/8hKs4s2dQs:10|-10:bob|alice
STATE:926:rc/crf:KsJc|Kd2s/As8h2c3d7d:-20|20:alice|bob
STATE:927:crc/rf:Kh6h|8sJc/4s6sAd5cAc:20|-20:bob|alice
STATE:928:cc/cc:Qs4c|Qd5c/6c8hTd7hJs:0|0:alice|bob
STATE:929:cc/crrc:8s5d|6dKs/KhKdJsJd7d:-50|50:bob|alice
STATE:930:cc/crf:KdJs|Kc2d/8d4h4cAd6c:-10|10:alice|bob
STATE:931:f:4cAh|3cQc:5|-5:bob|alice
STATE:932:rc/cc:Qd7h|QcTd/2d5d3s6c5s:-20|20:alice|bob
STATE:933:cc/cc:As6c|7cKc/TdTs9c2sAc:10|-10:bob|alice
STATE:934:cc/rrc:Tc7c|QdKd/5s3cQc5c8s:50|-50:alice|bob
STATE:935:f:5c6c|2h9h:5|-5:bob|alice
STATE:936:crc/crc:9cJh|Tc8d/5h7hKd9h8s:40|-40:alice|bob
STATE:937:crc/cc:5d4h|8cTs/5h3c5s2d3d:20|-20:bob|alice
STATE:938:cc/crc:8c9h|4c3c/8d6sJsKs5c:30|-30:alice|bob
STATE:939:crc/cc:3sKc|5dQh/3d7c6cJd9c:20|-20:bob|alice
STATE:940:crrc/cc:AcJd|8cJh/2d6s6d4s6c:30|-30:alice|bob
STATE:941:cc/rc:Ad2h|Jd7d/8h4c7hJh5h:30|-30:bob|alice
STATE:942:cc/crc:Jh9c|2dQh/9h7d6sAh5c:30|-30:alice|bob
STATE:943:crc/crrc:8hJs|TdKh/9d5sTh7s9c:60|-60:bob|alice
STATE:944:cc/cc:4d8s|9d8d/6c3dQsKs9h:-10|10:alice|bob
STATE:945:cc/cc:2hAc|Qs7c/Tc6dKsTs8d:10|-10:bob|alice
STATE:946:cc/crf:8s7h|5c6d/5sJh3dJd5h:-10|10:alice|bob
STATE:947:f:6hAc|7c6c:5|-5:bob|alice
STATE:948:rf:2cQc|5d9d:-10|10:alice|bob
STATE:949:crc/cc:8d6s|8sQs/5s4h7sTc2c:20|-20:bob|alice
STATE:950:cc/crf:KdTc|Kc5h/3d6h2s8h3s:-10|10:alice|bob
STATE:951:f:7hAh|5d6s:5|-5:bob|alice
STATE:952:crrc/rc:KcQc|7d4s/7h6d4cKd6c:50|-50:alice|bob
STATE:953:f:5s6c|8d2h:5|-5:bob|alice
STATE:954:rc/cc:6dQs|Ac8d/KdQh2s8cTc:20|-20:alice|bob
STATE:955:f:Kc3c|4d6c:5|-5:bob|alice
STATE:956:crrc/cc:8d8s|Ts4h/Qs5d7h6cAc:30|-30:alice|bob
STATE:957:f:4hJs|Ts3h:5|-5:bob|alice
STATE:958:cc/crc:QhTs|3c2h/5s6sQc2s4c:-30|30:alice|bob
STATE:959:rrf:7d9c|7s3c:20|-20:bob|alice
STATE:960:cc/crc:Js4c|Jc7d/QhQd4s7h8c:-30|30:alice|bob
STATE:961:f:JhAc|Ts2s:5|-5:bob|alice
STATE:962:rrc/cc:Jd3c|2h5d/AsTc5s4cAd:-30|30:alice|bob
STATE:963:cc/cc:5hJd|Ad9c/4d2hJc9d2s:10|-10:bob|alice
STATE:964:crrc/rc:KdKh|2h6s/3dKsKc3cQh:50|-50:alice|bob
STATE:965:f:8dJs|3s8s:5|-5:bob|alice
STATE:966:crc/cc:7c7h|8sQh/3hQc2c8c3s:-20|20:alice|bob
STATE:967:rrf:7h9c|Jc5d:20|-20:bob|alice
STATE:968:crc/cc:5c5d|4h4s/4d8dAs8s7h:-20|20:alice|bob
STATE:969:f:Ah6c|2s6h:5|-5:bob|alice
STATE:970:crrc/crc:8d8s|3hQd/4d4c3c6d2s:50|-50:alice|bob
STATE:971:crc/crc:Th5h|Ah9c/2sQhJsAc4s:-40|40:bob|alice
STATE:972:rc/crc:Kh6c|3hAh/4dAcQh6s8d:-40|40:alice|bob
STATE:973:f:Js4d|9d2h:5|-5:bob|alice
STATE:974:rc/crc:8cKh|7h9c/8s7c5h5sJd:40|-40:alice|bob
STATE:975:f:3s2h|6h8s:5|-5:bob|alice
STATE:976:cc/cc:2s6d|3c7h/4h9dJhKs6s:10|-10:alice|bob
STATE:977:cc/rf:8s3s|As5h/Kh7c8d4dTh:10|-10:bob|alice
STATE:978:cc/rc:9cKc|2c5s/3d6d9sKdJs:30|-30:alice|bob
STATE:979:f:7h9c|5dTd:5|-5:bob|alice
STATE:980:cc/cc:9cTc|3d5d/KhAcJh3c8h:-10|10:alice|bob
STATE:981:crc/cc:6h8s|7sAs/3cKh8d5hJh:20|-20:bob|alice
STATE:982:cc/crc:Tc6c|KhAd/8d6h2hKcKs:-30|30:alice|bob
STATE:983:f:AdTd|4hTs:5|-5:bob|alice
STATE:984:rc/cc:Ah4d|Js2s/Qs8cTdKh3s:20|-20:alice|bob
STATE:985:f:Kc7d|2d7s:5|-5:bob|alice
STATE:986:cc/crf:8cKc|2s3s/4cJdAsJcJs:-10|10:alice|bob
STATE:987:f:AhTc|7c2h:5|-5:bob|alice
STATE:988:crrf:2d7c|3d7h:-20|20:alice|bob
STATE:989:rrc/rrc:Jd4c|AhQh/4d5d9hAcTd:-70|70:bob|alice
STATE:990:cc/cc:Qd8d|JcTd/Kh2h3h9sJd:-10|10:alice|bob
STATE:991:cc/crc:5sJc|QdTs/8hJh3cKs9d:-30|30:bob|alice
STATE:992:cc/rrc:8h9c|4d8c/Qs2s3sJcTd:50|-50:alice|bob
STATE:993:cc/rf:Js2c|KdJd/3s6hTh8h9c:10|-10:bob|alice
STATE:994:rc/crf:6hAs|8d5h/3d4d3sJh8h:-20|20:alice|bob
STATE:995:rc/cc:AcKc|5h2c/KhQc6h5dQh:20|-20:bob|alice
STATE:996:cc/crc:2s8h|Js8c/Kc5c5d2hAc:30|-30:alice|bob
STATE:997:rrc/cc:2h6c|AcKh/5h3dJcJd4c:30|-30:bob|alice
STATE:998:rf:2h3c|7h5c:-10|10:alice|bob
STATE:999:crc/cc:Js4d|Kd9d/9s6d5h5cQs:-20|20:bob|alice
SCORE:2030|-2030:alice|bob
